This file contains any messages produced by compilers while
running configure, to aid debugging if configure makes a mistake.

It was created by configure, which was
generated by GNU Autoconf 2.69.  Invocation command line was

  $ ./configure --host=mipsel-linux --build=

## --------- ##
## Platform. ##
## --------- ##

hostname = paldier-lantiq
uname -m = x86_64
uname -r = 4.13.0-36-generic
uname -s = Linux
uname -v = #40~16.04.1-Ubuntu SMP Fri Feb 16 23:25:58 UTC 2018

/usr/bin/uname -p = unknown
/bin/uname -X     = unknown

/bin/arch              = unknown
/usr/bin/arch -k       = unknown
/usr/convex/getsysinfo = unknown
/usr/bin/hostinfo      = unknown
/bin/machine           = unknown
/usr/bin/oslevel       = unknown
/bin/universe          = unknown

PATH: /home/paldier/asuswrt/release/tools
PATH: /home/paldier/asuswrt/release/src-ra-4300/ctools
PATH: /home/paldier/asuswrt/release/tools
PATH: /home/paldier/asuswrt/release/src-ra-4300/ctools
PATH: /home/paldier/asuswrt/release/tools
PATH: /home/paldier/asuswrt/release/src-ra-4300/ctools
PATH: /opt/brcm/hndtools-mipsel-linux/bin
PATH: /opt/brcm/hndtools-mipsel-uclibc/bin
PATH: /opt/buildroot-gcc342/bin
PATH: /home/paldier/bin
PATH: /home/paldier/.local/bin
PATH: /usr/local/sbin
PATH: /usr/local/bin
PATH: /usr/sbin
PATH: /usr/bin
PATH: /sbin
PATH: /bin
PATH: /usr/games
PATH: /usr/local/games
PATH: /snap/bin


## ----------- ##
## Core tests. ##
## ----------- ##

configure:2052: checking for a BSD-compatible install
configure:2120: result: /usr/bin/install -c
configure:2131: checking whether build environment is sane
configure:2168: result: yes
configure:2230: checking for gawk
configure:2246: found /usr/bin/gawk
configure:2257: result: gawk
configure:2268: checking whether make sets $(MAKE)
configure:2290: result: yes
configure:2364: checking for mipsel-linux-strip
configure:2391: result: mipsel-uclibc-strip -R .note -R .comment
configure:2476: checking for mipsel-linux-gcc
configure:2503: result: mipsel-uclibc-gcc
configure:2772: checking for C compiler version
configure:2781: mipsel-uclibc-gcc --version >&5
mipsel-uclibc-gcc (GCC) 4.2.4
Copyright (C) 2007 Free Software Foundation, Inc.
This is free software; see the source for copying conditions.  There is NO
warranty; not even for MERCHANTABILITY or FITNESS FOR A PARTICULAR PURPOSE.

configure:2792: $? = 0
configure:2781: mipsel-uclibc-gcc -v >&5
Using built-in specs.
Target: mipsel-linux-uclibc
Configured with: /home/fedork/tomato/toolchain/build_dir/toolchain-mipsel_gcc4.2.4/gcc-4.2.4/configure --prefix=/opt/brcm/hndtools-mipsel-uclibc-4.2.4 --build=i486-linux-gnu --host=i486-linux-gnu --target=mipsel-linux-uclibc --with-gnu-ld --enable-target-optspace --disable-libgomp --disable-libmudflap --disable-multilib --disable-nls --disable-__cxa_atexit --enable-libssp --enable-languages=c,c++ --enable-shared --enable-threads --disable-tls
Thread model: posix
gcc version 4.2.4
configure:2792: $? = 0
configure:2781: mipsel-uclibc-gcc -V >&5
mipsel-uclibc-gcc: '-V' option must have argument
configure:2792: $? = 1
configure:2781: mipsel-uclibc-gcc -qversion >&5
mipsel-uclibc-gcc: unrecognized option '-qversion'
mipsel-uclibc-gcc: no input files
configure:2792: $? = 1
configure:2812: checking whether the C compiler works
configure:2834: mipsel-uclibc-gcc -Os -Wall -DLINUX26 -DDEBUG_NOISY -DDEBUG_RCTEST -pipe -funit-at-a-time -Wno-pointer-sign -mtune=mips32 -mips32 -DLINUX30 -DLINUX_KERNEL_VERSION=132644  -ffunction-sections -fdata-sections  -ffunction-sections -fdata-sections -Wl,--gc-sections -fPIC conftest.c  >&5
configure:2838: $? = 0
configure:2886: result: yes
configure:2889: checking for C compiler default output file name
configure:2891: result: a.out
configure:2897: checking for suffix of executables
configure:2904: mipsel-uclibc-gcc -o conftest -Os -Wall -DLINUX26 -DDEBUG_NOISY -DDEBUG_RCTEST -pipe -funit-at-a-time -Wno-pointer-sign -mtune=mips32 -mips32 -DLINUX30 -DLINUX_KERNEL_VERSION=132644  -ffunction-sections -fdata-sections  -ffunction-sections -fdata-sections -Wl,--gc-sections -fPIC conftest.c  >&5
configure:2908: $? = 0
configure:2930: result: 
configure:2952: checking whether we are cross compiling
configure:2960: mipsel-uclibc-gcc -o conftest -Os -Wall -DLINUX26 -DDEBUG_NOISY -DDEBUG_RCTEST -pipe -funit-at-a-time -Wno-pointer-sign -mtune=mips32 -mips32 -DLINUX30 -DLINUX_KERNEL_VERSION=132644  -ffunction-sections -fdata-sections  -ffunction-sections -fdata-sections -Wl,--gc-sections -fPIC conftest.c  >&5
configure:2964: $? = 0
configure:2971: ./conftest
./configure: line 2973: ./conftest: cannot execute binary file: Exec format error
configure:2975: $? = 126
configure:2990: result: yes
configure:2995: checking for suffix of object files
configure:3017: mipsel-uclibc-gcc -c -Os -Wall -DLINUX26 -DDEBUG_NOISY -DDEBUG_RCTEST -pipe -funit-at-a-time -Wno-pointer-sign -mtune=mips32 -mips32 -DLINUX30 -DLINUX_KERNEL_VERSION=132644  -ffunction-sections -fdata-sections  conftest.c >&5
configure:3021: $? = 0
configure:3042: result: o
configure:3046: checking whether we are using the GNU C compiler
configure:3065: mipsel-uclibc-gcc -c -Os -Wall -DLINUX26 -DDEBUG_NOISY -DDEBUG_RCTEST -pipe -funit-at-a-time -Wno-pointer-sign -mtune=mips32 -mips32 -DLINUX30 -DLINUX_KERNEL_VERSION=132644  -ffunction-sections -fdata-sections  conftest.c >&5
configure:3065: $? = 0
configure:3074: result: yes
configure:3083: checking whether mipsel-uclibc-gcc accepts -g
configure:3103: mipsel-uclibc-gcc -c -g  conftest.c >&5
configure:3103: $? = 0
configure:3144: result: yes
configure:3161: checking for mipsel-uclibc-gcc option to accept ISO C89
configure:3224: mipsel-uclibc-gcc  -c -Os -Wall -DLINUX26 -DDEBUG_NOISY -DDEBUG_RCTEST -pipe -funit-at-a-time -Wno-pointer-sign -mtune=mips32 -mips32 -DLINUX30 -DLINUX_KERNEL_VERSION=132644  -ffunction-sections -fdata-sections  conftest.c >&5
configure:3224: $? = 0
configure:3237: result: none needed
configure:3268: checking for style of include used by make
configure:3296: result: GNU
configure:3324: checking dependency style of mipsel-uclibc-gcc
configure:3414: result: gcc3
configure:3445: checking how to run the C preprocessor
configure:3476: mipsel-uclibc-gcc -E  conftest.c
configure:3476: $? = 0
configure:3490: mipsel-uclibc-gcc -E  conftest.c
conftest.c:11:28: error: ac_nonexistent.h: No such file or directory
configure:3490: $? = 1
configure: failed program was:
| /* confdefs.h */
| #define PACKAGE_NAME ""
| #define PACKAGE_TARNAME ""
| #define PACKAGE_VERSION ""
| #define PACKAGE_STRING ""
| #define PACKAGE_BUGREPORT ""
| #define PACKAGE_URL ""
| #define PACKAGE "netstat-nat"
| #define VERSION "1.4.10"
| /* end confdefs.h.  */
| #include <ac_nonexistent.h>
configure:3515: result: mipsel-uclibc-gcc -E
configure:3535: mipsel-uclibc-gcc -E  conftest.c
configure:3535: $? = 0
configure:3549: mipsel-uclibc-gcc -E  conftest.c
conftest.c:11:28: error: ac_nonexistent.h: No such file or directory
configure:3549: $? = 1
configure: failed program was:
| /* confdefs.h */
| #define PACKAGE_NAME ""
| #define PACKAGE_TARNAME ""
| #define PACKAGE_VERSION ""
| #define PACKAGE_STRING ""
| #define PACKAGE_BUGREPORT ""
| #define PACKAGE_URL ""
| #define PACKAGE "netstat-nat"
| #define VERSION "1.4.10"
| /* end confdefs.h.  */
| #include <ac_nonexistent.h>
configure:3578: checking for grep that handles long lines and -e
configure:3636: result: /bin/grep
configure:3641: checking for egrep
configure:3703: result: /bin/grep -E
configure:3708: checking for ANSI C header files
configure:3728: mipsel-uclibc-gcc -c -Os -Wall -DLINUX26 -DDEBUG_NOISY -DDEBUG_RCTEST -pipe -funit-at-a-time -Wno-pointer-sign -mtune=mips32 -mips32 -DLINUX30 -DLINUX_KERNEL_VERSION=132644  -ffunction-sections -fdata-sections  conftest.c >&5
configure:3728: $? = 0
configure:3812: result: yes
configure:3825: checking for sys/types.h
configure:3825: mipsel-uclibc-gcc -c -Os -Wall -DLINUX26 -DDEBUG_NOISY -DDEBUG_RCTEST -pipe -funit-at-a-time -Wno-pointer-sign -mtune=mips32 -mips32 -DLINUX30 -DLINUX_KERNEL_VERSION=132644  -ffunction-sections -fdata-sections  conftest.c >&5
configure:3825: $? = 0
configure:3825: result: yes
configure:3825: checking for sys/stat.h
configure:3825: mipsel-uclibc-gcc -c -Os -Wall -DLINUX26 -DDEBUG_NOISY -DDEBUG_RCTEST -pipe -funit-at-a-time -Wno-pointer-sign -mtune=mips32 -mips32 -DLINUX30 -DLINUX_KERNEL_VERSION=132644  -ffunction-sections -fdata-sections  conftest.c >&5
configure:3825: $? = 0
configure:3825: result: yes
configure:3825: checking for stdlib.h
configure:3825: mipsel-uclibc-gcc -c -Os -Wall -DLINUX26 -DDEBUG_NOISY -DDEBUG_RCTEST -pipe -funit-at-a-time -Wno-pointer-sign -mtune=mips32 -mips32 -DLINUX30 -DLINUX_KERNEL_VERSION=132644  -ffunction-sections -fdata-sections  conftest.c >&5
configure:3825: $? = 0
configure:3825: result: yes
configure:3825: checking for string.h
configure:3825: mipsel-uclibc-gcc -c -Os -Wall -DLINUX26 -DDEBUG_NOISY -DDEBUG_RCTEST -pipe -funit-at-a-time -Wno-pointer-sign -mtune=mips32 -mips32 -DLINUX30 -DLINUX_KERNEL_VERSION=132644  -ffunction-sections -fdata-sections  conftest.c >&5
configure:3825: $? = 0
configure:3825: result: yes
configure:3825: checking for memory.h
configure:3825: mipsel-uclibc-gcc -c -Os -Wall -DLINUX26 -DDEBUG_NOISY -DDEBUG_RCTEST -pipe -funit-at-a-time -Wno-pointer-sign -mtune=mips32 -mips32 -DLINUX30 -DLINUX_KERNEL_VERSION=132644  -ffunction-sections -fdata-sections  conftest.c >&5
configure:3825: $? = 0
configure:3825: result: yes
configure:3825: checking for strings.h
configure:3825: mipsel-uclibc-gcc -c -Os -Wall -DLINUX26 -DDEBUG_NOISY -DDEBUG_RCTEST -pipe -funit-at-a-time -Wno-pointer-sign -mtune=mips32 -mips32 -DLINUX30 -DLINUX_KERNEL_VERSION=132644  -ffunction-sections -fdata-sections  conftest.c >&5
configure:3825: $? = 0
configure:3825: result: yes
configure:3825: checking for inttypes.h
configure:3825: mipsel-uclibc-gcc -c -Os -Wall -DLINUX26 -DDEBUG_NOISY -DDEBUG_RCTEST -pipe -funit-at-a-time -Wno-pointer-sign -mtune=mips32 -mips32 -DLINUX30 -DLINUX_KERNEL_VERSION=132644  -ffunction-sections -fdata-sections  conftest.c >&5
configure:3825: $? = 0
configure:3825: result: yes
configure:3825: checking for stdint.h
configure:3825: mipsel-uclibc-gcc -c -Os -Wall -DLINUX26 -DDEBUG_NOISY -DDEBUG_RCTEST -pipe -funit-at-a-time -Wno-pointer-sign -mtune=mips32 -mips32 -DLINUX30 -DLINUX_KERNEL_VERSION=132644  -ffunction-sections -fdata-sections  conftest.c >&5
configure:3825: $? = 0
configure:3825: result: yes
configure:3825: checking for unistd.h
configure:3825: mipsel-uclibc-gcc -c -Os -Wall -DLINUX26 -DDEBUG_NOISY -DDEBUG_RCTEST -pipe -funit-at-a-time -Wno-pointer-sign -mtune=mips32 -mips32 -DLINUX30 -DLINUX_KERNEL_VERSION=132644  -ffunction-sections -fdata-sections  conftest.c >&5
configure:3825: $? = 0
configure:3825: result: yes
configure:3840: checking stdio.h usability
configure:3840: mipsel-uclibc-gcc -c -Os -Wall -DLINUX26 -DDEBUG_NOISY -DDEBUG_RCTEST -pipe -funit-at-a-time -Wno-pointer-sign -mtune=mips32 -mips32 -DLINUX30 -DLINUX_KERNEL_VERSION=132644  -ffunction-sections -fdata-sections  conftest.c >&5
configure:3840: $? = 0
configure:3840: result: yes
configure:3840: checking stdio.h presence
configure:3840: mipsel-uclibc-gcc -E  conftest.c
configure:3840: $? = 0
configure:3840: result: yes
configure:3840: checking for stdio.h
configure:3840: result: yes
configure:3840: checking for stdlib.h
configure:3840: result: yes
configure:3840: checking for string.h
configure:3840: result: yes
configure:3840: checking netdb.h usability
configure:3840: mipsel-uclibc-gcc -c -Os -Wall -DLINUX26 -DDEBUG_NOISY -DDEBUG_RCTEST -pipe -funit-at-a-time -Wno-pointer-sign -mtune=mips32 -mips32 -DLINUX30 -DLINUX_KERNEL_VERSION=132644  -ffunction-sections -fdata-sections  conftest.c >&5
configure:3840: $? = 0
configure:3840: result: yes
configure:3840: checking netdb.h presence
configure:3840: mipsel-uclibc-gcc -E  conftest.c
configure:3840: $? = 0
configure:3840: result: yes
configure:3840: checking for netdb.h
configure:3840: result: yes
configure:3840: checking for unistd.h
configure:3840: result: yes
configure:3840: checking arpa/inet.h usability
configure:3840: mipsel-uclibc-gcc -c -Os -Wall -DLINUX26 -DDEBUG_NOISY -DDEBUG_RCTEST -pipe -funit-at-a-time -Wno-pointer-sign -mtune=mips32 -mips32 -DLINUX30 -DLINUX_KERNEL_VERSION=132644  -ffunction-sections -fdata-sections  conftest.c >&5
configure:3840: $? = 0
configure:3840: result: yes
configure:3840: checking arpa/inet.h presence
configure:3840: mipsel-uclibc-gcc -E  conftest.c
configure:3840: $? = 0
configure:3840: result: yes
configure:3840: checking for arpa/inet.h
configure:3840: result: yes
configure:3840: checking errno.h usability
configure:3840: mipsel-uclibc-gcc -c -Os -Wall -DLINUX26 -DDEBUG_NOISY -DDEBUG_RCTEST -pipe -funit-at-a-time -Wno-pointer-sign -mtune=mips32 -mips32 -DLINUX30 -DLINUX_KERNEL_VERSION=132644  -ffunction-sections -fdata-sections  conftest.c >&5
configure:3840: $? = 0
configure:3840: result: yes
configure:3840: checking errno.h presence
configure:3840: mipsel-uclibc-gcc -E  conftest.c
configure:3840: $? = 0
configure:3840: result: yes
configure:3840: checking for errno.h
configure:3840: result: yes
configure:3840: checking for strings.h
configure:3840: result: yes
configure:3840: checking net/if.h usability
configure:3840: mipsel-uclibc-gcc -c -Os -Wall -DLINUX26 -DDEBUG_NOISY -DDEBUG_RCTEST -pipe -funit-at-a-time -Wno-pointer-sign -mtune=mips32 -mips32 -DLINUX30 -DLINUX_KERNEL_VERSION=132644  -ffunction-sections -fdata-sections  conftest.c >&5
configure:3840: $? = 0
configure:3840: result: yes
configure:3840: checking net/if.h presence
configure:3840: mipsel-uclibc-gcc -E  conftest.c
configure:3840: $? = 0
configure:3840: result: yes
configure:3840: checking for net/if.h
configure:3840: result: yes
configure:3840: checking sys/ioctl.h usability
configure:3840: mipsel-uclibc-gcc -c -Os -Wall -DLINUX26 -DDEBUG_NOISY -DDEBUG_RCTEST -pipe -funit-at-a-time -Wno-pointer-sign -mtune=mips32 -mips32 -DLINUX30 -DLINUX_KERNEL_VERSION=132644  -ffunction-sections -fdata-sections  conftest.c >&5
configure:3840: $? = 0
configure:3840: result: yes
configure:3840: checking sys/ioctl.h presence
configure:3840: mipsel-uclibc-gcc -E  conftest.c
configure:3840: $? = 0
configure:3840: result: yes
configure:3840: checking for sys/ioctl.h
configure:3840: result: yes
configure:4011: creating ./config.status

## ---------------------- ##
## Running config.status. ##
## ---------------------- ##

This file was extended by config.status, which was
generated by GNU Autoconf 2.69.  Invocation command line was

  CONFIG_FILES    = 
  CONFIG_HEADERS  = 
  CONFIG_LINKS    = 
  CONFIG_COMMANDS = 
  $ ./config.status 

on paldier-lantiq

config.status:768: creating Makefile
config.status:934: executing depfiles commands

## ---------------- ##
## Cache variables. ##
## ---------------- ##

ac_cv_c_compiler_gnu=yes
ac_cv_env_CC_set=set
ac_cv_env_CC_value=mipsel-uclibc-gcc
ac_cv_env_CFLAGS_set=set
ac_cv_env_CFLAGS_value='-Os -Wall -DLINUX26 -DDEBUG_NOISY -DDEBUG_RCTEST -pipe -funit-at-a-time -Wno-pointer-sign -mtune=mips32 -mips32 -DLINUX30 -DLINUX_KERNEL_VERSION=132644  -ffunction-sections -fdata-sections'
ac_cv_env_CPPFLAGS_set=
ac_cv_env_CPPFLAGS_value=
ac_cv_env_CPP_set=
ac_cv_env_CPP_value=
ac_cv_env_LDFLAGS_set=set
ac_cv_env_LDFLAGS_value='-ffunction-sections -fdata-sections -Wl,--gc-sections -fPIC'
ac_cv_env_LIBS_set=
ac_cv_env_LIBS_value=
ac_cv_env_build_alias_set=set
ac_cv_env_build_alias_value=
ac_cv_env_host_alias_set=set
ac_cv_env_host_alias_value=mipsel-linux
ac_cv_env_target_alias_set=
ac_cv_env_target_alias_value=
ac_cv_header_arpa_inet_h=yes
ac_cv_header_errno_h=yes
ac_cv_header_inttypes_h=yes
ac_cv_header_memory_h=yes
ac_cv_header_net_if_h=yes
ac_cv_header_netdb_h=yes
ac_cv_header_stdc=yes
ac_cv_header_stdint_h=yes
ac_cv_header_stdio_h=yes
ac_cv_header_stdlib_h=yes
ac_cv_header_string_h=yes
ac_cv_header_strings_h=yes
ac_cv_header_sys_ioctl_h=yes
ac_cv_header_sys_stat_h=yes
ac_cv_header_sys_types_h=yes
ac_cv_header_unistd_h=yes
ac_cv_objext=o
ac_cv_path_EGREP='/bin/grep -E'
ac_cv_path_GREP=/bin/grep
ac_cv_path_install='/usr/bin/install -c'
ac_cv_prog_AWK=gawk
ac_cv_prog_CC=mipsel-uclibc-gcc
ac_cv_prog_CPP='mipsel-uclibc-gcc -E'
ac_cv_prog_STRIP='mipsel-uclibc-strip -R .note -R .comment'
ac_cv_prog_cc_c89=
ac_cv_prog_cc_g=yes
ac_cv_prog_make_make_set=yes
am_cv_CC_dependencies_compiler_type=gcc3

## ----------------- ##
## Output variables. ##
## ----------------- ##

ACLOCAL='${SHELL} /home/paldier/asuswrt/release/src/router/netstat-nat/missing --run aclocal-1.9'
AMDEPBACKSLASH='\'
AMDEP_FALSE='#'
AMDEP_TRUE=''
AMTAR='${SHELL} /home/paldier/asuswrt/release/src/router/netstat-nat/missing --run tar'
AUTOCONF='${SHELL} /home/paldier/asuswrt/release/src/router/netstat-nat/missing --run autoconf'
AUTOHEADER='${SHELL} /home/paldier/asuswrt/release/src/router/netstat-nat/missing --run autoheader'
AUTOMAKE='${SHELL} /home/paldier/asuswrt/release/src/router/netstat-nat/missing --run automake-1.9'
AWK='gawk'
CC='mipsel-uclibc-gcc'
CCDEPMODE='depmode=gcc3'
CFLAGS='-Os -Wall -DLINUX26 -DDEBUG_NOISY -DDEBUG_RCTEST -pipe -funit-at-a-time -Wno-pointer-sign -mtune=mips32 -mips32 -DLINUX30 -DLINUX_KERNEL_VERSION=132644  -ffunction-sections -fdata-sections'
CPP='mipsel-uclibc-gcc -E'
CPPFLAGS=''
CYGPATH_W='echo'
DEFS='-DPACKAGE_NAME=\"\" -DPACKAGE_TARNAME=\"\" -DPACKAGE_VERSION=\"\" -DPACKAGE_STRING=\"\" -DPACKAGE_BUGREPORT=\"\" -DPACKAGE_URL=\"\" -DPACKAGE=\"netstat-nat\" -DVERSION=\"1.4.10\" -DSTDC_HEADERS=1 -DHAVE_SYS_TYPES_H=1 -DHAVE_SYS_STAT_H=1 -DHAVE_STDLIB_H=1 -DHAVE_STRING_H=1 -DHAVE_MEMORY_H=1 -DHAVE_STRINGS_H=1 -DHAVE_INTTYPES_H=1 -DHAVE_STDINT_H=1 -DHAVE_UNISTD_H=1 -DHAVE_STDIO_H=1 -DHAVE_STDLIB_H=1 -DHAVE_STRING_H=1 -DHAVE_NETDB_H=1 -DHAVE_UNISTD_H=1 -DHAVE_ARPA_INET_H=1 -DHAVE_ERRNO_H=1 -DHAVE_STRINGS_H=1 -DHAVE_NET_IF_H=1 -DHAVE_SYS_IOCTL_H=1'
DEPDIR='.deps'
ECHO_C=''
ECHO_N='-n'
ECHO_T=''
EGREP='/bin/grep -E'
EXEEXT=''
GREP='/bin/grep'
INSTALL_DATA='${INSTALL} -m 644'
INSTALL_PROGRAM='${INSTALL}'
INSTALL_SCRIPT='${INSTALL}'
INSTALL_STRIP_PROGRAM='${SHELL} $(install_sh) -c -s'
LDFLAGS='-ffunction-sections -fdata-sections -Wl,--gc-sections -fPIC'
LIBOBJS=''
LIBS=''
LTLIBOBJS=''
MAKEINFO='${SHELL} /home/paldier/asuswrt/release/src/router/netstat-nat/missing --run makeinfo'
OBJEXT='o'
PACKAGE='netstat-nat'
PACKAGE_BUGREPORT=''
PACKAGE_NAME=''
PACKAGE_STRING=''
PACKAGE_TARNAME=''
PACKAGE_URL=''
PACKAGE_VERSION=''
PATH_SEPARATOR=':'
SET_MAKE=''
SHELL='/bin/bash'
STRIP='mipsel-uclibc-strip -R .note -R .comment'
VERSION='1.4.10'
ac_ct_CC=''
am__fastdepCC_FALSE='#'
am__fastdepCC_TRUE=''
am__include='include'
am__leading_dot='.'
am__quote=''
am__tar='${AMTAR} chof - "$$tardir"'
am__untar='${AMTAR} xf -'
bindir='${exec_prefix}/bin'
build_alias=''
datadir='${datarootdir}'
datarootdir='${prefix}/share'
docdir='${datarootdir}/doc/${PACKAGE}'
dvidir='${docdir}'
exec_prefix='${prefix}'
host_alias='mipsel-linux'
htmldir='${docdir}'
includedir='${prefix}/include'
infodir='${datarootdir}/info'
install_sh='/home/paldier/asuswrt/release/src/router/netstat-nat/install-sh'
libdir='${exec_prefix}/lib'
libexecdir='${exec_prefix}/libexec'
localedir='${datarootdir}/locale'
localstatedir='${prefix}/var'
mandir='${datarootdir}/man'
mkdir_p='mkdir -p --'
oldincludedir='/usr/include'
pdfdir='${docdir}'
prefix='/usr'
program_transform_name='s,x,x,'
psdir='${docdir}'
sbindir='${exec_prefix}/sbin'
sharedstatedir='${prefix}/com'
sysconfdir='${prefix}/etc'
target_alias=''

## ----------- ##
## confdefs.h. ##
## ----------- ##

/* confdefs.h */
#define PACKAGE_NAME ""
#define PACKAGE_TARNAME ""
#define PACKAGE_VERSION ""
#define PACKAGE_STRING ""
#define PACKAGE_BUGREPORT ""
#define PACKAGE_URL ""
#define PACKAGE "netstat-nat"
#define VERSION "1.4.10"
#define STDC_HEADERS 1
#define HAVE_SYS_TYPES_H 1
#define HAVE_SYS_STAT_H 1
#define HAVE_STDLIB_H 1
#define HAVE_STRING_H 1
#define HAVE_MEMORY_H 1
#define HAVE_STRINGS_H 1
#define HAVE_INTTYPES_H 1
#define HAVE_STDINT_H 1
#define HAVE_UNISTD_H 1
#define HAVE_STDIO_H 1
#define HAVE_STDLIB_H 1
#define HAVE_STRING_H 1
#define HAVE_NETDB_H 1
#define HAVE_UNISTD_H 1
#define HAVE_ARPA_INET_H 1
#define HAVE_ERRNO_H 1
#define HAVE_STRINGS_H 1
#define HAVE_NET_IF_H 1
#define HAVE_SYS_IOCTL_H 1

configure: exit 0
