This file contains any messages produced by compilers while
running configure, to aid debugging if configure makes a mistake.

configure:529: checking for gcc
configure:642: checking whether the C compiler (mipsel-uclibc-gcc -O2 -Wall -DLINUX26 -DDEBUG_NOISY -DDEBUG_RCTEST -pipe -funit-at-a-time -Wno-pointer-sign -mtune=mips32 -mips32 -DLINUX30 -DLINUX_KERNEL_VERSION=132644  -idirafter /home/paldier/asuswrt/release/src-ra-4300/router/kernel_header/include  ) works
configure:658: mipsel-uclibc-gcc -o conftest -O2 -Wall -DLINUX26 -DDEBUG_NOISY -DDEBUG_RCTEST -pipe -funit-at-a-time -Wno-pointer-sign -mtune=mips32 -mips32 -DLINUX30 -DLINUX_KERNEL_VERSION=132644  -idirafter /home/paldier/asuswrt/release/src-ra-4300/router/kernel_header/include    conftest.c  1>&5
configure:655: warning: return type defaults to 'int'
configure:684: checking whether the C compiler (mipsel-uclibc-gcc -O2 -Wall -DLINUX26 -DDEBUG_NOISY -DDEBUG_RCTEST -pipe -funit-at-a-time -Wno-pointer-sign -mtune=mips32 -mips32 -DLINUX30 -DLINUX_KERNEL_VERSION=132644  -idirafter /home/paldier/asuswrt/release/src-ra-4300/router/kernel_header/include  ) is a cross-compiler
configure:689: checking whether we are using GNU C
configure:717: checking whether mipsel-uclibc-gcc accepts -g
configure:779: checking for a BSD compatible install
configure:834: checking for ranlib
configure:868: checking host system type
configure:889: checking build system type
configure:915: checking for ar
configure:946: checking for dlopen in -ldl
configure:994: checking how to run the C preprocessor
configure:1074: checking for ANSI C header files
configure:1181: checking for fcntl.h
configure:1181: checking for sys/ioctl.h
configure:1181: checking for sys/time.h
configure:1181: checking for syslog.h
configure:1181: checking for unistd.h
configure:1219: checking for libevent directory
configure:1235: checking for working const
configure:1310: checking for pid_t
configure:1343: checking for size_t
configure:1376: checking whether time.h and sys/time.h may both be included
configure:1413: checking whether mipsel-uclibc-gcc needs -traditional
configure:1459: checking for 8-bit clean memcmp
configure:1495: checking return type of signal handlers
configure:1536: checking for vprintf
configure:1643: checking for gethostname
configure:1643: checking for gettimeofday
configure:1643: checking for socket
configure:1643: checking for strdup
configure:1643: checking for strerror
configure:1643: checking for strtol
