This file contains any messages produced by compilers while
running configure, to aid debugging if configure makes a mistake.

It was created by ID3 Tag configure 0.15.1b, which was
generated by GNU Autoconf 2.65.  Invocation command line was

  $ ./configure --host=mipsel-linux --build= --enable-shared --enable-static --prefix= --disable-debugging --disable-profiling --disable-dependency-tracking

## --------- ##
## Platform. ##
## --------- ##

hostname = paldier-lantiq
uname -m = x86_64
uname -r = 4.13.0-36-generic
uname -s = Linux
uname -v = #40~16.04.1-Ubuntu SMP Fri Feb 16 23:25:58 UTC 2018

/usr/bin/uname -p = unknown
/bin/uname -X     = unknown

/bin/arch              = unknown
/usr/bin/arch -k       = unknown
/usr/convex/getsysinfo = unknown
/usr/bin/hostinfo      = unknown
/bin/machine           = unknown
/usr/bin/oslevel       = unknown
/bin/universe          = unknown

PATH: /home/paldier/asuswrt/release/tools
PATH: /home/paldier/asuswrt/release/src-ra-4300/ctools
PATH: /home/paldier/asuswrt/release/tools
PATH: /home/paldier/asuswrt/release/src-ra-4300/ctools
PATH: /home/paldier/asuswrt/release/tools
PATH: /home/paldier/asuswrt/release/src-ra-4300/ctools
PATH: /opt/brcm/hndtools-mipsel-linux/bin
PATH: /opt/brcm/hndtools-mipsel-uclibc/bin
PATH: /opt/buildroot-gcc342/bin
PATH: /home/paldier/bin
PATH: /home/paldier/.local/bin
PATH: /usr/local/sbin
PATH: /usr/local/bin
PATH: /usr/sbin
PATH: /usr/bin
PATH: /sbin
PATH: /bin
PATH: /usr/games
PATH: /usr/local/games
PATH: /snap/bin


## ----------- ##
## Core tests. ##
## ----------- ##

configure:2636: checking for a BSD-compatible install
configure:2704: result: /usr/bin/install -c
configure:2715: checking whether build environment is sane
configure:2752: result: yes
configure:2806: checking for gawk
configure:2822: found /usr/bin/gawk
configure:2833: result: gawk
configure:2844: checking whether make sets $(MAKE)
configure:2866: result: yes
configure:2943: checking for mipsel-linux-strip
configure:2970: result: mipsel-uclibc-strip -R .note -R .comment
configure:3049: checking build system type
configure:3063: result: x86_64-unknown-linux-gnu
configure:3083: checking host system type
configure:3096: result: mipsel-unknown-linux-gnu
configure:3126: checking for mipsel-linux-gcc
configure:3153: result: mipsel-uclibc-gcc
configure:3422: checking for C compiler version
configure:3431: mipsel-uclibc-gcc --version >&5
mipsel-uclibc-gcc (GCC) 4.2.4
Copyright (C) 2007 Free Software Foundation, Inc.
This is free software; see the source for copying conditions.  There is NO
warranty; not even for MERCHANTABILITY or FITNESS FOR A PARTICULAR PURPOSE.

configure:3442: $? = 0
configure:3431: mipsel-uclibc-gcc -v >&5
Using built-in specs.
Target: mipsel-linux-uclibc
Configured with: /home/fedork/tomato/toolchain/build_dir/toolchain-mipsel_gcc4.2.4/gcc-4.2.4/configure --prefix=/opt/brcm/hndtools-mipsel-uclibc-4.2.4 --build=i486-linux-gnu --host=i486-linux-gnu --target=mipsel-linux-uclibc --with-gnu-ld --enable-target-optspace --disable-libgomp --disable-libmudflap --disable-multilib --disable-nls --disable-__cxa_atexit --enable-libssp --enable-languages=c,c++ --enable-shared --enable-threads --disable-tls
Thread model: posix
gcc version 4.2.4
configure:3442: $? = 0
configure:3431: mipsel-uclibc-gcc -V >&5
mipsel-uclibc-gcc: '-V' option must have argument
configure:3442: $? = 1
configure:3431: mipsel-uclibc-gcc -qversion >&5
mipsel-uclibc-gcc: unrecognized option '-qversion'
mipsel-uclibc-gcc: no input files
configure:3442: $? = 1
configure:3462: checking whether the C compiler works
configure:3484: mipsel-uclibc-gcc -Os -Wall -DLINUX26 -DDEBUG_NOISY -DDEBUG_RCTEST -pipe -funit-at-a-time -Wno-pointer-sign -mtune=mips32 -mips32 -DLINUX30 -DLINUX_KERNEL_VERSION=132644  -ffunction-sections -fdata-sections -I/home/paldier/asuswrt/release/src-ra-4300/router/zlib -L/home/paldier/asuswrt/release/src-ra-4300/router/zlib -fPIC -ffunction-sections -fdata-sections -Wl,--gc-sections conftest.c  >&5
configure:3488: $? = 0
configure:3537: result: yes
configure:3540: checking for C compiler default output file name
configure:3542: result: a.out
configure:3548: checking for suffix of executables
configure:3555: mipsel-uclibc-gcc -o conftest -Os -Wall -DLINUX26 -DDEBUG_NOISY -DDEBUG_RCTEST -pipe -funit-at-a-time -Wno-pointer-sign -mtune=mips32 -mips32 -DLINUX30 -DLINUX_KERNEL_VERSION=132644  -ffunction-sections -fdata-sections -I/home/paldier/asuswrt/release/src-ra-4300/router/zlib -L/home/paldier/asuswrt/release/src-ra-4300/router/zlib -fPIC -ffunction-sections -fdata-sections -Wl,--gc-sections conftest.c  >&5
configure:3559: $? = 0
configure:3581: result: 
configure:3603: checking whether we are cross compiling
configure:3611: mipsel-uclibc-gcc -o conftest -Os -Wall -DLINUX26 -DDEBUG_NOISY -DDEBUG_RCTEST -pipe -funit-at-a-time -Wno-pointer-sign -mtune=mips32 -mips32 -DLINUX30 -DLINUX_KERNEL_VERSION=132644  -ffunction-sections -fdata-sections -I/home/paldier/asuswrt/release/src-ra-4300/router/zlib -L/home/paldier/asuswrt/release/src-ra-4300/router/zlib -fPIC -ffunction-sections -fdata-sections -Wl,--gc-sections conftest.c  >&5
configure:3615: $? = 0
configure:3622: ./conftest
./configure: line 3624: ./conftest: cannot execute binary file: Exec format error
configure:3626: $? = 126
configure:3641: result: yes
configure:3646: checking for suffix of object files
configure:3668: mipsel-uclibc-gcc -c -Os -Wall -DLINUX26 -DDEBUG_NOISY -DDEBUG_RCTEST -pipe -funit-at-a-time -Wno-pointer-sign -mtune=mips32 -mips32 -DLINUX30 -DLINUX_KERNEL_VERSION=132644  -ffunction-sections -fdata-sections -I/home/paldier/asuswrt/release/src-ra-4300/router/zlib conftest.c >&5
configure:3672: $? = 0
configure:3693: result: o
configure:3697: checking whether we are using the GNU C compiler
configure:3716: mipsel-uclibc-gcc -c -Os -Wall -DLINUX26 -DDEBUG_NOISY -DDEBUG_RCTEST -pipe -funit-at-a-time -Wno-pointer-sign -mtune=mips32 -mips32 -DLINUX30 -DLINUX_KERNEL_VERSION=132644  -ffunction-sections -fdata-sections -I/home/paldier/asuswrt/release/src-ra-4300/router/zlib conftest.c >&5
configure:3716: $? = 0
configure:3725: result: yes
configure:3734: checking whether mipsel-uclibc-gcc accepts -g
configure:3754: mipsel-uclibc-gcc -c -g -I/home/paldier/asuswrt/release/src-ra-4300/router/zlib conftest.c >&5
configure:3754: $? = 0
configure:3795: result: yes
configure:3812: checking for mipsel-uclibc-gcc option to accept ISO C89
configure:3876: mipsel-uclibc-gcc  -c -Os -Wall -DLINUX26 -DDEBUG_NOISY -DDEBUG_RCTEST -pipe -funit-at-a-time -Wno-pointer-sign -mtune=mips32 -mips32 -DLINUX30 -DLINUX_KERNEL_VERSION=132644  -ffunction-sections -fdata-sections -I/home/paldier/asuswrt/release/src-ra-4300/router/zlib conftest.c >&5
configure:3876: $? = 0
configure:3889: result: none needed
configure:3920: checking for style of include used by make
configure:3948: result: GNU
configure:3976: checking dependency style of mipsel-uclibc-gcc
configure:4059: result: none
configure:4164: checking for a sed that does not truncate output
configure:4218: result: /bin/sed
configure:4221: checking for grep that handles long lines and -e
configure:4279: result: /bin/grep
configure:4284: checking for egrep
configure:4346: result: /bin/grep -E
configure:4362: checking for ld used by mipsel-uclibc-gcc
configure:4429: result: mipsel-uclibc-ld
configure:4436: checking if the linker (mipsel-uclibc-ld) is GNU ld
configure:4451: result: yes
configure:4456: checking for mipsel-uclibc-ld option to reload object files
configure:4463: result: -r
configure:4472: checking for BSD-compatible nm
configure:4514: result: mipsel-uclibc-nm
configure:4518: checking whether ln -s works
configure:4522: result: yes
configure:4529: checking how to recognise dependent libraries
configure:4703: result: pass_all
configure:4889: checking how to run the C preprocessor
configure:4920: mipsel-uclibc-gcc -E -I/home/paldier/asuswrt/release/src-ra-4300/router/zlib conftest.c
configure:4920: $? = 0
configure:4934: mipsel-uclibc-gcc -E -I/home/paldier/asuswrt/release/src-ra-4300/router/zlib conftest.c
conftest.c:11:28: error: ac_nonexistent.h: No such file or directory
configure:4934: $? = 1
configure: failed program was:
| /* confdefs.h */
| #define PACKAGE_NAME "ID3 Tag"
| #define PACKAGE_TARNAME "libid3tag"
| #define PACKAGE_VERSION "0.15.1b"
| #define PACKAGE_STRING "ID3 Tag 0.15.1b"
| #define PACKAGE_BUGREPORT "support@underbit.com"
| #define PACKAGE_URL ""
| #define PACKAGE "libid3tag"
| #define VERSION "0.15.1b"
| /* end confdefs.h.  */
| #include <ac_nonexistent.h>
configure:4959: result: mipsel-uclibc-gcc -E
configure:4979: mipsel-uclibc-gcc -E -I/home/paldier/asuswrt/release/src-ra-4300/router/zlib conftest.c
configure:4979: $? = 0
configure:4993: mipsel-uclibc-gcc -E -I/home/paldier/asuswrt/release/src-ra-4300/router/zlib conftest.c
conftest.c:11:28: error: ac_nonexistent.h: No such file or directory
configure:4993: $? = 1
configure: failed program was:
| /* confdefs.h */
| #define PACKAGE_NAME "ID3 Tag"
| #define PACKAGE_TARNAME "libid3tag"
| #define PACKAGE_VERSION "0.15.1b"
| #define PACKAGE_STRING "ID3 Tag 0.15.1b"
| #define PACKAGE_BUGREPORT "support@underbit.com"
| #define PACKAGE_URL ""
| #define PACKAGE "libid3tag"
| #define VERSION "0.15.1b"
| /* end confdefs.h.  */
| #include <ac_nonexistent.h>
configure:5022: checking for ANSI C header files
configure:5042: mipsel-uclibc-gcc -c -Os -Wall -DLINUX26 -DDEBUG_NOISY -DDEBUG_RCTEST -pipe -funit-at-a-time -Wno-pointer-sign -mtune=mips32 -mips32 -DLINUX30 -DLINUX_KERNEL_VERSION=132644  -ffunction-sections -fdata-sections -I/home/paldier/asuswrt/release/src-ra-4300/router/zlib conftest.c >&5
configure:5042: $? = 0
configure:5126: result: yes
configure:5139: checking for sys/types.h
configure:5139: mipsel-uclibc-gcc -c -Os -Wall -DLINUX26 -DDEBUG_NOISY -DDEBUG_RCTEST -pipe -funit-at-a-time -Wno-pointer-sign -mtune=mips32 -mips32 -DLINUX30 -DLINUX_KERNEL_VERSION=132644  -ffunction-sections -fdata-sections -I/home/paldier/asuswrt/release/src-ra-4300/router/zlib conftest.c >&5
configure:5139: $? = 0
configure:5139: result: yes
configure:5139: checking for sys/stat.h
configure:5139: mipsel-uclibc-gcc -c -Os -Wall -DLINUX26 -DDEBUG_NOISY -DDEBUG_RCTEST -pipe -funit-at-a-time -Wno-pointer-sign -mtune=mips32 -mips32 -DLINUX30 -DLINUX_KERNEL_VERSION=132644  -ffunction-sections -fdata-sections -I/home/paldier/asuswrt/release/src-ra-4300/router/zlib conftest.c >&5
configure:5139: $? = 0
configure:5139: result: yes
configure:5139: checking for stdlib.h
configure:5139: mipsel-uclibc-gcc -c -Os -Wall -DLINUX26 -DDEBUG_NOISY -DDEBUG_RCTEST -pipe -funit-at-a-time -Wno-pointer-sign -mtune=mips32 -mips32 -DLINUX30 -DLINUX_KERNEL_VERSION=132644  -ffunction-sections -fdata-sections -I/home/paldier/asuswrt/release/src-ra-4300/router/zlib conftest.c >&5
configure:5139: $? = 0
configure:5139: result: yes
configure:5139: checking for string.h
configure:5139: mipsel-uclibc-gcc -c -Os -Wall -DLINUX26 -DDEBUG_NOISY -DDEBUG_RCTEST -pipe -funit-at-a-time -Wno-pointer-sign -mtune=mips32 -mips32 -DLINUX30 -DLINUX_KERNEL_VERSION=132644  -ffunction-sections -fdata-sections -I/home/paldier/asuswrt/release/src-ra-4300/router/zlib conftest.c >&5
configure:5139: $? = 0
configure:5139: result: yes
configure:5139: checking for memory.h
configure:5139: mipsel-uclibc-gcc -c -Os -Wall -DLINUX26 -DDEBUG_NOISY -DDEBUG_RCTEST -pipe -funit-at-a-time -Wno-pointer-sign -mtune=mips32 -mips32 -DLINUX30 -DLINUX_KERNEL_VERSION=132644  -ffunction-sections -fdata-sections -I/home/paldier/asuswrt/release/src-ra-4300/router/zlib conftest.c >&5
configure:5139: $? = 0
configure:5139: result: yes
configure:5139: checking for strings.h
configure:5139: mipsel-uclibc-gcc -c -Os -Wall -DLINUX26 -DDEBUG_NOISY -DDEBUG_RCTEST -pipe -funit-at-a-time -Wno-pointer-sign -mtune=mips32 -mips32 -DLINUX30 -DLINUX_KERNEL_VERSION=132644  -ffunction-sections -fdata-sections -I/home/paldier/asuswrt/release/src-ra-4300/router/zlib conftest.c >&5
configure:5139: $? = 0
configure:5139: result: yes
configure:5139: checking for inttypes.h
configure:5139: mipsel-uclibc-gcc -c -Os -Wall -DLINUX26 -DDEBUG_NOISY -DDEBUG_RCTEST -pipe -funit-at-a-time -Wno-pointer-sign -mtune=mips32 -mips32 -DLINUX30 -DLINUX_KERNEL_VERSION=132644  -ffunction-sections -fdata-sections -I/home/paldier/asuswrt/release/src-ra-4300/router/zlib conftest.c >&5
configure:5139: $? = 0
configure:5139: result: yes
configure:5139: checking for stdint.h
configure:5139: mipsel-uclibc-gcc -c -Os -Wall -DLINUX26 -DDEBUG_NOISY -DDEBUG_RCTEST -pipe -funit-at-a-time -Wno-pointer-sign -mtune=mips32 -mips32 -DLINUX30 -DLINUX_KERNEL_VERSION=132644  -ffunction-sections -fdata-sections -I/home/paldier/asuswrt/release/src-ra-4300/router/zlib conftest.c >&5
configure:5139: $? = 0
configure:5139: result: yes
configure:5139: checking for unistd.h
configure:5139: mipsel-uclibc-gcc -c -Os -Wall -DLINUX26 -DDEBUG_NOISY -DDEBUG_RCTEST -pipe -funit-at-a-time -Wno-pointer-sign -mtune=mips32 -mips32 -DLINUX30 -DLINUX_KERNEL_VERSION=132644  -ffunction-sections -fdata-sections -I/home/paldier/asuswrt/release/src-ra-4300/router/zlib conftest.c >&5
configure:5139: $? = 0
configure:5139: result: yes
configure:5154: checking dlfcn.h usability
configure:5154: mipsel-uclibc-gcc -c -Os -Wall -DLINUX26 -DDEBUG_NOISY -DDEBUG_RCTEST -pipe -funit-at-a-time -Wno-pointer-sign -mtune=mips32 -mips32 -DLINUX30 -DLINUX_KERNEL_VERSION=132644  -ffunction-sections -fdata-sections -I/home/paldier/asuswrt/release/src-ra-4300/router/zlib conftest.c >&5
configure:5154: $? = 0
configure:5154: result: yes
configure:5154: checking dlfcn.h presence
configure:5154: mipsel-uclibc-gcc -E -I/home/paldier/asuswrt/release/src-ra-4300/router/zlib conftest.c
configure:5154: $? = 0
configure:5154: result: yes
configure:5154: checking for dlfcn.h
configure:5154: result: yes
configure:5276: checking for C++ compiler version
configure:5285: mipsel-uclibc-g++ --version >&5
mipsel-uclibc-g++ (GCC) 4.2.4
Copyright (C) 2007 Free Software Foundation, Inc.
This is free software; see the source for copying conditions.  There is NO
warranty; not even for MERCHANTABILITY or FITNESS FOR A PARTICULAR PURPOSE.

configure:5296: $? = 0
configure:5285: mipsel-uclibc-g++ -v >&5
Using built-in specs.
Target: mipsel-linux-uclibc
Configured with: /home/fedork/tomato/toolchain/build_dir/toolchain-mipsel_gcc4.2.4/gcc-4.2.4/configure --prefix=/opt/brcm/hndtools-mipsel-uclibc-4.2.4 --build=i486-linux-gnu --host=i486-linux-gnu --target=mipsel-linux-uclibc --with-gnu-ld --enable-target-optspace --disable-libgomp --disable-libmudflap --disable-multilib --disable-nls --disable-__cxa_atexit --enable-libssp --enable-languages=c,c++ --enable-shared --enable-threads --disable-tls
Thread model: posix
gcc version 4.2.4
configure:5296: $? = 0
configure:5285: mipsel-uclibc-g++ -V >&5
mipsel-uclibc-g++: '-V' option must have argument
configure:5296: $? = 1
configure:5285: mipsel-uclibc-g++ -qversion >&5
mipsel-uclibc-g++: unrecognized option '-qversion'
mipsel-uclibc-g++: no input files
configure:5296: $? = 1
configure:5300: checking whether we are using the GNU C++ compiler
configure:5319: mipsel-uclibc-g++ -c  -I/home/paldier/asuswrt/release/src-ra-4300/router/zlib conftest.cpp >&5
configure:5319: $? = 0
configure:5328: result: yes
configure:5337: checking whether mipsel-uclibc-g++ accepts -g
configure:5357: mipsel-uclibc-g++ -c -g -I/home/paldier/asuswrt/release/src-ra-4300/router/zlib conftest.cpp >&5
configure:5357: $? = 0
configure:5398: result: yes
configure:5423: checking dependency style of mipsel-uclibc-g++
configure:5506: result: none
configure:5528: checking how to run the C++ preprocessor
configure:5555: mipsel-uclibc-g++ -E -I/home/paldier/asuswrt/release/src-ra-4300/router/zlib conftest.cpp
configure:5555: $? = 0
configure:5569: mipsel-uclibc-g++ -E -I/home/paldier/asuswrt/release/src-ra-4300/router/zlib conftest.cpp
conftest.cpp:22:28: error: ac_nonexistent.h: No such file or directory
configure:5569: $? = 1
configure: failed program was:
| /* confdefs.h */
| #define PACKAGE_NAME "ID3 Tag"
| #define PACKAGE_TARNAME "libid3tag"
| #define PACKAGE_VERSION "0.15.1b"
| #define PACKAGE_STRING "ID3 Tag 0.15.1b"
| #define PACKAGE_BUGREPORT "support@underbit.com"
| #define PACKAGE_URL ""
| #define PACKAGE "libid3tag"
| #define VERSION "0.15.1b"
| #define STDC_HEADERS 1
| #define HAVE_SYS_TYPES_H 1
| #define HAVE_SYS_STAT_H 1
| #define HAVE_STDLIB_H 1
| #define HAVE_STRING_H 1
| #define HAVE_MEMORY_H 1
| #define HAVE_STRINGS_H 1
| #define HAVE_INTTYPES_H 1
| #define HAVE_STDINT_H 1
| #define HAVE_UNISTD_H 1
| #define HAVE_DLFCN_H 1
| /* end confdefs.h.  */
| #include <ac_nonexistent.h>
configure:5594: result: mipsel-uclibc-g++ -E
configure:5614: mipsel-uclibc-g++ -E -I/home/paldier/asuswrt/release/src-ra-4300/router/zlib conftest.cpp
configure:5614: $? = 0
configure:5628: mipsel-uclibc-g++ -E -I/home/paldier/asuswrt/release/src-ra-4300/router/zlib conftest.cpp
conftest.cpp:22:28: error: ac_nonexistent.h: No such file or directory
configure:5628: $? = 1
configure: failed program was:
| /* confdefs.h */
| #define PACKAGE_NAME "ID3 Tag"
| #define PACKAGE_TARNAME "libid3tag"
| #define PACKAGE_VERSION "0.15.1b"
| #define PACKAGE_STRING "ID3 Tag 0.15.1b"
| #define PACKAGE_BUGREPORT "support@underbit.com"
| #define PACKAGE_URL ""
| #define PACKAGE "libid3tag"
| #define VERSION "0.15.1b"
| #define STDC_HEADERS 1
| #define HAVE_SYS_TYPES_H 1
| #define HAVE_SYS_STAT_H 1
| #define HAVE_STDLIB_H 1
| #define HAVE_STRING_H 1
| #define HAVE_MEMORY_H 1
| #define HAVE_STRINGS_H 1
| #define HAVE_INTTYPES_H 1
| #define HAVE_STDINT_H 1
| #define HAVE_UNISTD_H 1
| #define HAVE_DLFCN_H 1
| /* end confdefs.h.  */
| #include <ac_nonexistent.h>
configure:5666: checking for mipsel-linux-g77
configure:5696: result: no
configure:5666: checking for mipsel-linux-xlf
configure:5696: result: no
configure:5666: checking for mipsel-linux-f77
configure:5696: result: no
configure:5666: checking for mipsel-linux-frt
configure:5696: result: no
configure:5666: checking for mipsel-linux-pgf77
configure:5696: result: no
configure:5666: checking for mipsel-linux-cf77
configure:5696: result: no
configure:5666: checking for mipsel-linux-fort77
configure:5696: result: no
configure:5666: checking for mipsel-linux-fl32
configure:5696: result: no
configure:5666: checking for mipsel-linux-af77
configure:5696: result: no
configure:5666: checking for mipsel-linux-xlf90
configure:5696: result: no
configure:5666: checking for mipsel-linux-f90
configure:5696: result: no
configure:5666: checking for mipsel-linux-pgf90
configure:5696: result: no
configure:5666: checking for mipsel-linux-pghpf
configure:5696: result: no
configure:5666: checking for mipsel-linux-epcf90
configure:5696: result: no
configure:5666: checking for mipsel-linux-gfortran
configure:5696: result: no
configure:5666: checking for mipsel-linux-g95
configure:5696: result: no
configure:5666: checking for mipsel-linux-xlf95
configure:5696: result: no
configure:5666: checking for mipsel-linux-f95
configure:5696: result: no
configure:5666: checking for mipsel-linux-fort
configure:5696: result: no
configure:5666: checking for mipsel-linux-ifort
configure:5696: result: no
configure:5666: checking for mipsel-linux-ifc
configure:5696: result: no
configure:5666: checking for mipsel-linux-efc
configure:5696: result: no
configure:5666: checking for mipsel-linux-pgf95
configure:5696: result: no
configure:5666: checking for mipsel-linux-lf95
configure:5696: result: no
configure:5666: checking for mipsel-linux-ftn
configure:5696: result: no
configure:5710: checking for g77
configure:5740: result: no
configure:5710: checking for xlf
configure:5740: result: no
configure:5710: checking for f77
configure:5740: result: no
configure:5710: checking for frt
configure:5740: result: no
configure:5710: checking for pgf77
configure:5740: result: no
configure:5710: checking for cf77
configure:5740: result: no
configure:5710: checking for fort77
configure:5740: result: no
configure:5710: checking for fl32
configure:5740: result: no
configure:5710: checking for af77
configure:5740: result: no
configure:5710: checking for xlf90
configure:5740: result: no
configure:5710: checking for f90
configure:5740: result: no
configure:5710: checking for pgf90
configure:5740: result: no
configure:5710: checking for pghpf
configure:5740: result: no
configure:5710: checking for epcf90
configure:5740: result: no
configure:5710: checking for gfortran
configure:5740: result: no
configure:5710: checking for g95
configure:5740: result: no
configure:5710: checking for xlf95
configure:5740: result: no
configure:5710: checking for f95
configure:5740: result: no
configure:5710: checking for fort
configure:5740: result: no
configure:5710: checking for ifort
configure:5740: result: no
configure:5710: checking for ifc
configure:5740: result: no
configure:5710: checking for efc
configure:5740: result: no
configure:5710: checking for pgf95
configure:5740: result: no
configure:5710: checking for lf95
configure:5740: result: no
configure:5710: checking for ftn
configure:5740: result: no
configure:5763: checking for Fortran 77 compiler version
configure:5772:  --version >&5
./configure: line 5774: --version: command not found
configure:5783: $? = 127
configure:5772:  -v >&5
./configure: line 5774: -v: command not found
configure:5783: $? = 127
configure:5772:  -V >&5
./configure: line 5774: -V: command not found
configure:5783: $? = 127
configure:5772:  -qversion >&5
./configure: line 5774: -qversion: command not found
configure:5783: $? = 127
configure:5792: checking whether we are using the GNU Fortran 77 compiler
configure:5805:  -c  conftest.F >&5
./configure: line 2174: -c: command not found
configure:5805: $? = 127
configure: failed program was:
|       program main
| #ifndef __GNUC__
|        choke me
| #endif
| 
|       end
configure:5814: result: no
configure:5820: checking whether  accepts -g
configure:5831:  -c -g conftest.f >&5
./configure: line 2174: -c: command not found
configure:5831: $? = 127
configure: failed program was:
|       program main
| 
|       end
configure:5839: result: no
configure:5873: checking the maximum length of command line arguments
configure:5938: result: 32768
configure:5949: checking command to parse mipsel-uclibc-nm output from mipsel-uclibc-gcc object
configure:6038: mipsel-uclibc-gcc -c -Os -Wall -DLINUX26 -DDEBUG_NOISY -DDEBUG_RCTEST -pipe -funit-at-a-time -Wno-pointer-sign -mtune=mips32 -mips32 -DLINUX30 -DLINUX_KERNEL_VERSION=132644  -ffunction-sections -fdata-sections -I/home/paldier/asuswrt/release/src-ra-4300/router/zlib conftest.c >&5
configure:6041: $? = 0
configure:6045: mipsel-uclibc-nm conftest.o \| sed -n -e 's/^.*[ 	]\([ABCDGIRSTW][ABCDGIRSTW]*\)[ 	][ 	]*\(\)\([_A-Za-z][_A-Za-z0-9]*\)$/\1 \2\3 \3/p' \> conftest.nm
configure:6048: $? = 0
configure:6100: mipsel-uclibc-gcc -o conftest -Os -Wall -DLINUX26 -DDEBUG_NOISY -DDEBUG_RCTEST -pipe -funit-at-a-time -Wno-pointer-sign -mtune=mips32 -mips32 -DLINUX30 -DLINUX_KERNEL_VERSION=132644  -ffunction-sections -fdata-sections -I/home/paldier/asuswrt/release/src-ra-4300/router/zlib -L/home/paldier/asuswrt/release/src-ra-4300/router/zlib -fPIC -ffunction-sections -fdata-sections -Wl,--gc-sections conftest.c conftstm.o >&5
configure:6103: $? = 0
configure:6141: result: ok
configure:6145: checking for objdir
configure:6160: result: .libs
configure:6212: checking for mipsel-linux-ar
configure:6239: result: mipsel-uclibc-ar
configure:6304: checking for mipsel-linux-ranlib
configure:6331: result: mipsel-uclibc-ranlib
configure:6396: checking for mipsel-linux-strip
configure:6423: result: mipsel-uclibc-strip -R .note -R .comment
configure:6735: checking if mipsel-uclibc-gcc static flag  works
configure:6758: result: yes
configure:6776: checking if mipsel-uclibc-gcc supports -fno-rtti -fno-exceptions
configure:6794: mipsel-uclibc-gcc -c -Os -Wall -DLINUX26 -DDEBUG_NOISY -DDEBUG_RCTEST -pipe -funit-at-a-time -Wno-pointer-sign -mtune=mips32 -mips32 -DLINUX30 -DLINUX_KERNEL_VERSION=132644  -ffunction-sections -fdata-sections -I/home/paldier/asuswrt/release/src-ra-4300/router/zlib -fno-rtti -fno-exceptions conftest.c >&5
cc1: warning: command line option "-fno-rtti" is valid for C++/ObjC++ but not for C
configure:6798: $? = 0
configure:6809: result: no
configure:6824: checking for mipsel-uclibc-gcc option to produce PIC
configure:7001: result: -fPIC
configure:7009: checking if mipsel-uclibc-gcc PIC flag -fPIC works
configure:7027: mipsel-uclibc-gcc -c -Os -Wall -DLINUX26 -DDEBUG_NOISY -DDEBUG_RCTEST -pipe -funit-at-a-time -Wno-pointer-sign -mtune=mips32 -mips32 -DLINUX30 -DLINUX_KERNEL_VERSION=132644  -ffunction-sections -fdata-sections -I/home/paldier/asuswrt/release/src-ra-4300/router/zlib -fPIC -DPIC conftest.c >&5
configure:7031: $? = 0
configure:7042: result: yes
configure:7066: checking if mipsel-uclibc-gcc supports -c -o file.o
configure:7087: mipsel-uclibc-gcc -c -Os -Wall -DLINUX26 -DDEBUG_NOISY -DDEBUG_RCTEST -pipe -funit-at-a-time -Wno-pointer-sign -mtune=mips32 -mips32 -DLINUX30 -DLINUX_KERNEL_VERSION=132644  -ffunction-sections -fdata-sections -I/home/paldier/asuswrt/release/src-ra-4300/router/zlib -o out/conftest2.o conftest.c >&5
configure:7091: $? = 0
configure:7111: result: yes
configure:7137: checking whether the mipsel-uclibc-gcc linker (mipsel-uclibc-ld) supports shared libraries
configure:7927: result: yes
configure:7953: checking whether -lc should be explicitly linked in
configure:7958: mipsel-uclibc-gcc -c -Os -Wall -DLINUX26 -DDEBUG_NOISY -DDEBUG_RCTEST -pipe -funit-at-a-time -Wno-pointer-sign -mtune=mips32 -mips32 -DLINUX30 -DLINUX_KERNEL_VERSION=132644  -ffunction-sections -fdata-sections -I/home/paldier/asuswrt/release/src-ra-4300/router/zlib conftest.c >&5
configure:7961: $? = 0
configure:7975: mipsel-uclibc-gcc -shared conftest.o  -v -Wl,-soname -Wl,conftest -o conftest 2\>\&1 \| grep  -lc  \>/dev/null 2\>\&1
configure:7978: $? = 0
configure:7990: result: no
configure:7998: checking dynamic linker characteristics
configure:8538: result: GNU/Linux ld.so
configure:8542: checking how to hardcode library paths into programs
configure:8567: result: immediate
configure:8581: checking whether stripping libraries is possible
configure:8586: result: yes
configure:9098: checking if libtool supports shared libraries
configure:9100: result: yes
configure:9103: checking whether to build shared libraries
configure:9161: result: yes
configure:9164: checking whether to build static libraries
configure:9168: result: yes
configure:9260: creating libtool
configure:9803: checking for ld used by mipsel-uclibc-g++
configure:9870: result: mipsel-uclibc-ld
configure:9877: checking if the linker (mipsel-uclibc-ld) is GNU ld
configure:9892: result: yes
configure:9943: checking whether the mipsel-uclibc-g++ linker (mipsel-uclibc-ld) supports shared libraries
configure:10713: result: yes
configure:10731: mipsel-uclibc-g++ -c -g -O2 -I/home/paldier/asuswrt/release/src-ra-4300/router/zlib conftest.cc >&5
configure:10734: $? = 0
configure:10830: checking for mipsel-uclibc-g++ option to produce PIC
configure:11082: result: -fPIC
configure:11090: checking if mipsel-uclibc-g++ PIC flag -fPIC works
configure:11108: mipsel-uclibc-g++ -c -g -O2 -I/home/paldier/asuswrt/release/src-ra-4300/router/zlib -fPIC -DPIC conftest.cc >&5
configure:11112: $? = 0
configure:11123: result: yes
configure:11147: checking if mipsel-uclibc-g++ supports -c -o file.o
configure:11168: mipsel-uclibc-g++ -c -g -O2 -I/home/paldier/asuswrt/release/src-ra-4300/router/zlib -o out/conftest2.o conftest.cc >&5
configure:11172: $? = 0
configure:11192: result: yes
configure:11218: checking whether the mipsel-uclibc-g++ linker (mipsel-uclibc-ld) supports shared libraries
configure:11243: result: yes
configure:11314: checking dynamic linker characteristics
configure:11854: result: GNU/Linux ld.so
configure:11858: checking how to hardcode library paths into programs
configure:11883: result: immediate
configure:11897: checking whether stripping libraries is possible
configure:11902: result: yes
configure:18442: checking for ANSI C header files
configure:18546: result: yes
configure:18557: checking assert.h usability
configure:18557: mipsel-uclibc-gcc -c -Wall -DLINUX26 -DDEBUG_NOISY -DDEBUG_RCTEST -pipe -Wno-pointer-sign -DLINUX30 -DLINUX_KERNEL_VERSION=132644 -I/home/paldier/asuswrt/release/src-ra-4300/router/zlib conftest.c >&5
configure:18557: $? = 0
configure:18557: result: yes
configure:18557: checking assert.h presence
configure:18557: mipsel-uclibc-gcc -E -I/home/paldier/asuswrt/release/src-ra-4300/router/zlib conftest.c
configure:18557: $? = 0
configure:18557: result: yes
configure:18557: checking for assert.h
configure:18557: result: yes
configure:18557: checking for unistd.h
configure:18557: result: yes
configure:18569: checking zlib.h usability
configure:18569: mipsel-uclibc-gcc -c -Wall -DLINUX26 -DDEBUG_NOISY -DDEBUG_RCTEST -pipe -Wno-pointer-sign -DLINUX30 -DLINUX_KERNEL_VERSION=132644 -I/home/paldier/asuswrt/release/src-ra-4300/router/zlib conftest.c >&5
configure:18569: $? = 0
configure:18569: result: yes
configure:18569: checking zlib.h presence
configure:18569: mipsel-uclibc-gcc -E -I/home/paldier/asuswrt/release/src-ra-4300/router/zlib conftest.c
configure:18569: $? = 0
configure:18569: result: yes
configure:18569: checking for zlib.h
configure:18569: result: yes
configure:18584: checking for an ANSI C-conforming const
configure:18649: mipsel-uclibc-gcc -c -Wall -DLINUX26 -DDEBUG_NOISY -DDEBUG_RCTEST -pipe -Wno-pointer-sign -DLINUX30 -DLINUX_KERNEL_VERSION=132644 -I/home/paldier/asuswrt/release/src-ra-4300/router/zlib conftest.c >&5
configure:18649: $? = 0
configure:18656: result: yes
configure:18664: checking for inline
configure:18680: mipsel-uclibc-gcc -c -Wall -DLINUX26 -DDEBUG_NOISY -DDEBUG_RCTEST -pipe -Wno-pointer-sign -DLINUX30 -DLINUX_KERNEL_VERSION=132644 -I/home/paldier/asuswrt/release/src-ra-4300/router/zlib conftest.c >&5
configure:18680: $? = 0
configure:18688: result: inline
configure:18710: checking for ftruncate
configure:18710: mipsel-uclibc-gcc -o conftest -Wall -DLINUX26 -DDEBUG_NOISY -DDEBUG_RCTEST -pipe -Wno-pointer-sign -DLINUX30 -DLINUX_KERNEL_VERSION=132644 -I/home/paldier/asuswrt/release/src-ra-4300/router/zlib -L/home/paldier/asuswrt/release/src-ra-4300/router/zlib -fPIC -ffunction-sections -fdata-sections -Wl,--gc-sections conftest.c  >&5
configure:18710: $? = 0
configure:18710: result: yes
configure:18720: checking for compress2 in -lz
configure:18745: mipsel-uclibc-gcc -o conftest -Wall -DLINUX26 -DDEBUG_NOISY -DDEBUG_RCTEST -pipe -Wno-pointer-sign -DLINUX30 -DLINUX_KERNEL_VERSION=132644 -I/home/paldier/asuswrt/release/src-ra-4300/router/zlib -L/home/paldier/asuswrt/release/src-ra-4300/router/zlib -fPIC -ffunction-sections -fdata-sections -Wl,--gc-sections conftest.c -lz   >&5
configure:18745: $? = 0
configure:18754: result: yes
configure:18849: checking whether to enable profiling
configure:18860: result: no
configure:18863: checking whether to enable debugging
configure:18894: result: no
configure:19034: creating ./config.status

## ---------------------- ##
## Running config.status. ##
## ---------------------- ##

This file was extended by ID3 Tag config.status 0.15.1b, which was
generated by GNU Autoconf 2.65.  Invocation command line was

  CONFIG_FILES    = 
  CONFIG_HEADERS  = 
  CONFIG_LINKS    = 
  CONFIG_COMMANDS = 
  $ ./config.status 

on paldier-lantiq

config.status:879: creating Makefile
config.status:982: WARNING:  'Makefile.in' seems to ignore the --datarootdir setting
config.status:879: creating msvc++/Makefile
config.status:982: WARNING:  'msvc++/Makefile.in' seems to ignore the --datarootdir setting
config.status:879: creating libid3tag.list
config.status:879: creating config.h
config.status:1092: executing depfiles commands

## ---------------- ##
## Cache variables. ##
## ---------------- ##

ac_cv_build=x86_64-unknown-linux-gnu
ac_cv_c_compiler_gnu=yes
ac_cv_c_const=yes
ac_cv_c_inline=inline
ac_cv_cxx_compiler_gnu=yes
ac_cv_env_CCC_set=
ac_cv_env_CCC_value=
ac_cv_env_CC_set=set
ac_cv_env_CC_value=mipsel-uclibc-gcc
ac_cv_env_CFLAGS_set=set
ac_cv_env_CFLAGS_value='-Os -Wall -DLINUX26 -DDEBUG_NOISY -DDEBUG_RCTEST -pipe -funit-at-a-time -Wno-pointer-sign -mtune=mips32 -mips32 -DLINUX30 -DLINUX_KERNEL_VERSION=132644  -ffunction-sections -fdata-sections'
ac_cv_env_CPPFLAGS_set=set
ac_cv_env_CPPFLAGS_value=-I/home/paldier/asuswrt/release/src-ra-4300/router/zlib
ac_cv_env_CPP_set=
ac_cv_env_CPP_value=
ac_cv_env_CXXCPP_set=
ac_cv_env_CXXCPP_value=
ac_cv_env_CXXFLAGS_set=
ac_cv_env_CXXFLAGS_value=
ac_cv_env_CXX_set=set
ac_cv_env_CXX_value=mipsel-uclibc-g++
ac_cv_env_F77_set=
ac_cv_env_F77_value=
ac_cv_env_FFLAGS_set=
ac_cv_env_FFLAGS_value=
ac_cv_env_LDFLAGS_set=set
ac_cv_env_LDFLAGS_value='-L/home/paldier/asuswrt/release/src-ra-4300/router/zlib -fPIC -ffunction-sections -fdata-sections -Wl,--gc-sections'
ac_cv_env_LIBS_set=
ac_cv_env_LIBS_value=
ac_cv_env_build_alias_set=set
ac_cv_env_build_alias_value=
ac_cv_env_host_alias_set=set
ac_cv_env_host_alias_value=mipsel-linux
ac_cv_env_target_alias_set=
ac_cv_env_target_alias_value=
ac_cv_f77_compiler_gnu=no
ac_cv_func_ftruncate=yes
ac_cv_header_assert_h=yes
ac_cv_header_dlfcn_h=yes
ac_cv_header_inttypes_h=yes
ac_cv_header_memory_h=yes
ac_cv_header_stdc=yes
ac_cv_header_stdint_h=yes
ac_cv_header_stdlib_h=yes
ac_cv_header_string_h=yes
ac_cv_header_strings_h=yes
ac_cv_header_sys_stat_h=yes
ac_cv_header_sys_types_h=yes
ac_cv_header_unistd_h=yes
ac_cv_header_zlib_h=yes
ac_cv_host=mipsel-unknown-linux-gnu
ac_cv_lib_z_compress2=yes
ac_cv_objext=o
ac_cv_path_EGREP='/bin/grep -E'
ac_cv_path_GREP=/bin/grep
ac_cv_path_install='/usr/bin/install -c'
ac_cv_prog_AR=mipsel-uclibc-ar
ac_cv_prog_AWK=gawk
ac_cv_prog_CC=mipsel-uclibc-gcc
ac_cv_prog_CPP='mipsel-uclibc-gcc -E'
ac_cv_prog_CXXCPP='mipsel-uclibc-g++ -E'
ac_cv_prog_RANLIB=mipsel-uclibc-ranlib
ac_cv_prog_STRIP='mipsel-uclibc-strip -R .note -R .comment'
ac_cv_prog_cc_c89=
ac_cv_prog_cc_g=yes
ac_cv_prog_cxx_g=yes
ac_cv_prog_f77_g=no
ac_cv_prog_make_make_set=yes
am_cv_CC_dependencies_compiler_type=none
am_cv_CXX_dependencies_compiler_type=none
lt_cv_deplibs_check_method=pass_all
lt_cv_file_magic_cmd='$MAGIC_CMD'
lt_cv_file_magic_test_file=
lt_cv_ld_reload_flag=-r
lt_cv_objdir=.libs
lt_cv_path_LD=mipsel-uclibc-ld
lt_cv_path_LDCXX=mipsel-uclibc-ld
lt_cv_path_NM=mipsel-uclibc-nm
lt_cv_path_SED=/bin/sed
lt_cv_prog_compiler_c_o=yes
lt_cv_prog_compiler_c_o_CXX=yes
lt_cv_prog_compiler_rtti_exceptions=no
lt_cv_prog_gnu_ld=yes
lt_cv_prog_gnu_ldcxx=yes
lt_cv_sys_global_symbol_pipe='sed -n -e '\''s/^.*[ 	]\([ABCDGIRSTW][ABCDGIRSTW]*\)[ 	][ 	]*\(\)\([_A-Za-z][_A-Za-z0-9]*\)$/\1 \2\3 \3/p'\'''
lt_cv_sys_global_symbol_to_c_name_address='sed -n -e '\''s/^: \([^ ]*\) $/  {\"\1\", (lt_ptr) 0},/p'\'' -e '\''s/^[BCDEGRST] \([^ ]*\) \([^ ]*\)$/  {"\2", (lt_ptr) \&\2},/p'\'''
lt_cv_sys_global_symbol_to_cdecl='sed -n -e '\''s/^. .* \(.*\)$/extern int \1;/p'\'''
lt_cv_sys_max_cmd_len=32768
lt_lt_cv_prog_compiler_c_o='"yes"'
lt_lt_cv_prog_compiler_c_o_CXX='"yes"'
lt_lt_cv_sys_global_symbol_pipe='"sed -n -e '\''s/^.*[ 	]\\([ABCDGIRSTW][ABCDGIRSTW]*\\)[ 	][ 	]*\\(\\)\\([_A-Za-z][_A-Za-z0-9]*\\)\$/\\1 \\2\\3 \\3/p'\''"'
lt_lt_cv_sys_global_symbol_to_c_name_address='"sed -n -e '\''s/^: \\([^ ]*\\) \$/  {\\\"\\1\\\", (lt_ptr) 0},/p'\'' -e '\''s/^[BCDEGRST] \\([^ ]*\\) \\([^ ]*\\)\$/  {\"\\2\", (lt_ptr) \\&\\2},/p'\''"'
lt_lt_cv_sys_global_symbol_to_cdecl='"sed -n -e '\''s/^. .* \\(.*\\)\$/extern int \\1;/p'\''"'

## ----------------- ##
## Output variables. ##
## ----------------- ##

ACLOCAL='${SHELL} /home/paldier/asuswrt/release/src/router/libid3tag/missing --run aclocal-1.8'
AMDEPBACKSLASH=''
AMDEP_FALSE=''
AMDEP_TRUE='#'
AMTAR='${SHELL} /home/paldier/asuswrt/release/src/router/libid3tag/missing --run tar'
AR='mipsel-uclibc-ar'
AUTOCONF='${SHELL} /home/paldier/asuswrt/release/src/router/libid3tag/missing --run autoconf'
AUTOHEADER='${SHELL} /home/paldier/asuswrt/release/src/router/libid3tag/missing --run autoheader'
AUTOMAKE='${SHELL} /home/paldier/asuswrt/release/src/router/libid3tag/missing --run automake-1.8'
AWK='gawk'
CC='mipsel-uclibc-gcc'
CCDEPMODE='depmode=none'
CFLAGS='-Wall -DLINUX26 -DDEBUG_NOISY -DDEBUG_RCTEST -pipe -Wno-pointer-sign -DLINUX30 -DLINUX_KERNEL_VERSION=132644  -mtune=mips32 -mips32 -fdata-sections -fomit-frame-pointer'
CPP='mipsel-uclibc-gcc -E'
CPPFLAGS='-I/home/paldier/asuswrt/release/src-ra-4300/router/zlib'
CXX='mipsel-uclibc-g++'
CXXCPP='mipsel-uclibc-g++ -E'
CXXDEPMODE='depmode=none'
CXXFLAGS='-g -O2'
CYGPATH_W='echo'
DEBUG_FALSE=''
DEBUG_TRUE='#'
DEFS='-DHAVE_CONFIG_H'
DEPDIR='.deps'
ECHO='echo'
ECHO_C=''
ECHO_N='-n'
ECHO_T=''
EGREP='/bin/grep -E'
EXEEXT=''
F77=''
FFLAGS=''
GREP='/bin/grep'
INSTALL_DATA='${INSTALL} -m 644'
INSTALL_PROGRAM='${INSTALL}'
INSTALL_SCRIPT='${INSTALL}'
INSTALL_STRIP_PROGRAM='${SHELL} $(install_sh) -c -s'
LDFLAGS='-L/home/paldier/asuswrt/release/src-ra-4300/router/zlib -fPIC -ffunction-sections -fdata-sections -Wl,--gc-sections'
LIBOBJS=''
LIBS='-lz '
LIBTOOL='$(SHELL) $(top_builddir)/libtool'
LIBTOOL_DEPS='./ltmain.sh'
LN_S='ln -s'
LTLIBOBJS=''
MAKEINFO='${SHELL} /home/paldier/asuswrt/release/src/router/libid3tag/missing --run makeinfo'
OBJEXT='o'
PACKAGE='libid3tag'
PACKAGE_BUGREPORT='support@underbit.com'
PACKAGE_NAME='ID3 Tag'
PACKAGE_STRING='ID3 Tag 0.15.1b'
PACKAGE_TARNAME='libid3tag'
PACKAGE_URL=''
PACKAGE_VERSION='0.15.1b'
PATH_SEPARATOR=':'
RANLIB='mipsel-uclibc-ranlib'
SET_MAKE=''
SHELL='/bin/bash'
STRIP='mipsel-uclibc-strip -R .note -R .comment'
VERSION='0.15.1b'
ac_ct_CC=''
ac_ct_CXX=''
ac_ct_F77=''
am__fastdepCC_FALSE=''
am__fastdepCC_TRUE='#'
am__fastdepCXX_FALSE=''
am__fastdepCXX_TRUE='#'
am__include='include'
am__leading_dot='.'
am__quote=''
bindir='${exec_prefix}/bin'
build='x86_64-unknown-linux-gnu'
build_alias=''
build_cpu='x86_64'
build_os='linux-gnu'
build_vendor='unknown'
datadir='${datarootdir}'
datarootdir='${prefix}/share'
docdir='${datarootdir}/doc/${PACKAGE_TARNAME}'
dvidir='${docdir}'
exec_prefix='${prefix}'
host='mipsel-unknown-linux-gnu'
host_alias='mipsel-linux'
host_cpu='mipsel'
host_os='linux-gnu'
host_vendor='unknown'
htmldir='${docdir}'
includedir='${prefix}/include'
infodir='${datarootdir}/info'
install_sh='/home/paldier/asuswrt/release/src/router/libid3tag/install-sh'
libdir='${exec_prefix}/lib'
libexecdir='${exec_prefix}/libexec'
localedir='${datarootdir}/locale'
localstatedir='${prefix}/var'
mandir='${datarootdir}/man'
mkdir_p='mkdir -p -- .'
oldincludedir='/usr/include'
pdfdir='${docdir}'
prefix=''
program_transform_name='s,x,x,'
psdir='${docdir}'
sbindir='${exec_prefix}/sbin'
sharedstatedir='${prefix}/com'
sysconfdir='${prefix}/etc'
target_alias=''

## ----------- ##
## confdefs.h. ##
## ----------- ##

/* confdefs.h */
#define PACKAGE_NAME "ID3 Tag"
#define PACKAGE_TARNAME "libid3tag"
#define PACKAGE_VERSION "0.15.1b"
#define PACKAGE_STRING "ID3 Tag 0.15.1b"
#define PACKAGE_BUGREPORT "support@underbit.com"
#define PACKAGE_URL ""
#define PACKAGE "libid3tag"
#define VERSION "0.15.1b"
#define STDC_HEADERS 1
#define HAVE_SYS_TYPES_H 1
#define HAVE_SYS_STAT_H 1
#define HAVE_STDLIB_H 1
#define HAVE_STRING_H 1
#define HAVE_MEMORY_H 1
#define HAVE_STRINGS_H 1
#define HAVE_INTTYPES_H 1
#define HAVE_STDINT_H 1
#define HAVE_UNISTD_H 1
#define HAVE_DLFCN_H 1
#define STDC_HEADERS 1
#define HAVE_ASSERT_H 1
#define HAVE_UNISTD_H 1
#define HAVE_FTRUNCATE 1
#define HAVE_LIBZ 1
#define NDEBUG 1

configure: exit 0
