This file contains any messages produced by compilers while
running configure, to aid debugging if configure makes a mistake.

It was created by libusb-compat configure 0.1.3, which was
generated by GNU Autoconf 2.61.  Invocation command line was

  $ ./configure --host=mipsel-linux --build= --prefix=/usr LIBUSB_1_0_CFLAGS=-I/home/paldier/asuswrt/release/src-ra-4300/router/libusb10/libusb LIBUSB_1_0_LIBS=-L/home/paldier/asuswrt/release/src-ra-4300/router/libusb10/libusb/.libs -lusb-1.0 -lpthread -ldl	-Wl,-R/lib:/usr/lib:/opt/usr/lib:/usr/local/share

## --------- ##
## Platform. ##
## --------- ##

hostname = paldier-lantiq
uname -m = x86_64
uname -r = 4.13.0-36-generic
uname -s = Linux
uname -v = #40~16.04.1-Ubuntu SMP Fri Feb 16 23:25:58 UTC 2018

/usr/bin/uname -p = unknown
/bin/uname -X     = unknown

/bin/arch              = unknown
/usr/bin/arch -k       = unknown
/usr/convex/getsysinfo = unknown
/usr/bin/hostinfo      = unknown
/bin/machine           = unknown
/usr/bin/oslevel       = unknown
/bin/universe          = unknown

PATH: /home/paldier/asuswrt/release/tools
PATH: /home/paldier/asuswrt/release/src-ra-4300/ctools
PATH: /home/paldier/asuswrt/release/tools
PATH: /home/paldier/asuswrt/release/src-ra-4300/ctools
PATH: /home/paldier/asuswrt/release/tools
PATH: /home/paldier/asuswrt/release/src-ra-4300/ctools
PATH: /opt/brcm/hndtools-mipsel-linux/bin
PATH: /opt/brcm/hndtools-mipsel-uclibc/bin
PATH: /opt/buildroot-gcc342/bin
PATH: /home/paldier/bin
PATH: /home/paldier/.local/bin
PATH: /usr/local/sbin
PATH: /usr/local/bin
PATH: /usr/sbin
PATH: /usr/bin
PATH: /sbin
PATH: /bin
PATH: /usr/games
PATH: /usr/local/games
PATH: /snap/bin


## ----------- ##
## Core tests. ##
## ----------- ##

configure:1981: checking for a BSD-compatible install
configure:2037: result: /usr/bin/install -c
configure:2048: checking whether build environment is sane
configure:2091: result: yes
configure:2119: checking for a thread-safe mkdir -p
configure:2158: result: /bin/mkdir -p
configure:2171: checking for gawk
configure:2187: found /usr/bin/gawk
configure:2198: result: gawk
configure:2209: checking whether make sets $(MAKE)
configure:2230: result: yes
configure:2310: checking for mipsel-linux-strip
configure:2337: result: mipsel-uclibc-strip -R .note -R .comment
configure:2432: checking for mipsel-linux-gcc
configure:2459: result: mipsel-uclibc-gcc
configure:2737: checking for C compiler version
configure:2744: mipsel-uclibc-gcc --version >&5
mipsel-uclibc-gcc (GCC) 4.2.4
Copyright (C) 2007 Free Software Foundation, Inc.
This is free software; see the source for copying conditions.  There is NO
warranty; not even for MERCHANTABILITY or FITNESS FOR A PARTICULAR PURPOSE.

configure:2747: $? = 0
configure:2754: mipsel-uclibc-gcc -v >&5
Using built-in specs.
Target: mipsel-linux-uclibc
Configured with: /home/fedork/tomato/toolchain/build_dir/toolchain-mipsel_gcc4.2.4/gcc-4.2.4/configure --prefix=/opt/brcm/hndtools-mipsel-uclibc-4.2.4 --build=i486-linux-gnu --host=i486-linux-gnu --target=mipsel-linux-uclibc --with-gnu-ld --enable-target-optspace --disable-libgomp --disable-libmudflap --disable-multilib --disable-nls --disable-__cxa_atexit --enable-libssp --enable-languages=c,c++ --enable-shared --enable-threads --disable-tls
Thread model: posix
gcc version 4.2.4
configure:2757: $? = 0
configure:2764: mipsel-uclibc-gcc -V >&5
mipsel-uclibc-gcc: '-V' option must have argument
configure:2767: $? = 1
configure:2790: checking for C compiler default output file name
configure:2817: mipsel-uclibc-gcc -Wall -Os -DLINUX26 -DDEBUG_NOISY -DDEBUG_RCTEST -pipe -funit-at-a-time -Wno-pointer-sign -mtune=mips32 -mips32 -DLINUX30 -DLINUX_KERNEL_VERSION=132644    conftest.c  >&5
configure:2820: $? = 0
configure:2858: result: a.out
configure:2875: checking whether the C compiler works
configure:2885: ./a.out
./configure: line 2886: ./a.out: cannot execute binary file: Exec format error
configure:2888: $? = 126
configure:2905: result: yes
configure:2912: checking whether we are cross compiling
configure:2914: result: yes
configure:2917: checking for suffix of executables
configure:2924: mipsel-uclibc-gcc -o conftest -Wall -Os -DLINUX26 -DDEBUG_NOISY -DDEBUG_RCTEST -pipe -funit-at-a-time -Wno-pointer-sign -mtune=mips32 -mips32 -DLINUX30 -DLINUX_KERNEL_VERSION=132644    conftest.c  >&5
configure:2927: $? = 0
configure:2951: result: 
configure:2957: checking for suffix of object files
configure:2983: mipsel-uclibc-gcc -c -Wall -Os -DLINUX26 -DDEBUG_NOISY -DDEBUG_RCTEST -pipe -funit-at-a-time -Wno-pointer-sign -mtune=mips32 -mips32 -DLINUX30 -DLINUX_KERNEL_VERSION=132644   conftest.c >&5
configure:2986: $? = 0
configure:3009: result: o
configure:3013: checking whether we are using the GNU C compiler
configure:3042: mipsel-uclibc-gcc -c -Wall -Os -DLINUX26 -DDEBUG_NOISY -DDEBUG_RCTEST -pipe -funit-at-a-time -Wno-pointer-sign -mtune=mips32 -mips32 -DLINUX30 -DLINUX_KERNEL_VERSION=132644   conftest.c >&5
configure:3048: $? = 0
configure:3065: result: yes
configure:3070: checking whether mipsel-uclibc-gcc accepts -g
configure:3100: mipsel-uclibc-gcc -c -g  conftest.c >&5
configure:3106: $? = 0
configure:3205: result: yes
configure:3222: checking for mipsel-uclibc-gcc option to accept ISO C89
configure:3296: mipsel-uclibc-gcc  -c -Wall -Os -DLINUX26 -DDEBUG_NOISY -DDEBUG_RCTEST -pipe -funit-at-a-time -Wno-pointer-sign -mtune=mips32 -mips32 -DLINUX30 -DLINUX_KERNEL_VERSION=132644   conftest.c >&5
configure:3302: $? = 0
configure:3325: result: none needed
configure:3354: checking for style of include used by make
configure:3382: result: GNU
configure:3407: checking dependency style of mipsel-uclibc-gcc
configure:3498: result: gcc3
configure:3544: checking build system type
configure:3562: result: x86_64-unknown-linux-uclibc
configure:3584: checking host system type
configure:3599: result: mipsel-unknown-linux-gnu
configure:3621: checking for a sed that does not truncate output
configure:3700: result: /bin/sed
configure:3718: checking for grep that handles long lines and -e
configure:3792: result: /bin/grep
configure:3797: checking for egrep
configure:3875: result: /bin/grep -E
configure:3880: checking for fgrep
configure:3958: result: /bin/grep -F
configure:3993: checking for ld used by mipsel-uclibc-gcc
configure:4060: result: mipsel-uclibc-ld
configure:4069: checking if the linker (mipsel-uclibc-ld) is GNU ld
configure:4084: result: yes
configure:4096: checking for BSD- or MS-compatible name lister (nm)
configure:4145: result: mipsel-uclibc-nm
configure:4267: checking the name lister (mipsel-uclibc-nm) interface
configure:4274: mipsel-uclibc-gcc -c -Wall -Os -DLINUX26 -DDEBUG_NOISY -DDEBUG_RCTEST -pipe -funit-at-a-time -Wno-pointer-sign -mtune=mips32 -mips32 -DLINUX30 -DLINUX_KERNEL_VERSION=132644   conftest.c >&5
configure:4277: mipsel-uclibc-nm "conftest.o"
configure:4280: output
00000000 B some_variable
configure:4287: result: BSD nm
configure:4290: checking whether ln -s works
configure:4294: result: yes
configure:4302: checking the maximum length of command line arguments
configure:4422: result: 1572864
configure:4439: checking whether the shell understands some XSI constructs
configure:4449: result: yes
configure:4453: checking whether the shell understands "+="
configure:4459: result: yes
configure:4494: checking for mipsel-uclibc-ld option to reload object files
configure:4501: result: -r
configure:4530: checking for mipsel-linux-objdump
configure:4557: result: mipsel-uclibc-objdump
configure:4633: checking how to recognize dependent libraries
configure:4829: result: pass_all
configure:4849: checking for mipsel-linux-ar
configure:4876: result: mipsel-uclibc-ar
configure:4958: checking for mipsel-linux-strip
configure:4985: result: mipsel-uclibc-strip -R .note -R .comment
configure:5061: checking for mipsel-linux-ranlib
configure:5088: result: mipsel-uclibc-ranlib
configure:5222: checking command to parse mipsel-uclibc-nm output from mipsel-uclibc-gcc object
configure:5340: mipsel-uclibc-gcc -c -Wall -Os -DLINUX26 -DDEBUG_NOISY -DDEBUG_RCTEST -pipe -funit-at-a-time -Wno-pointer-sign -mtune=mips32 -mips32 -DLINUX30 -DLINUX_KERNEL_VERSION=132644   conftest.c >&5
configure:5343: $? = 0
configure:5347: mipsel-uclibc-nm conftest.o \| sed -n -e 's/^.*[	 ]\([ABCDGIRSTW][ABCDGIRSTW]*\)[	 ][	 ]*\([_A-Za-z][_A-Za-z0-9]*\)$/\1 \2 \2/p' \> conftest.nm
configure:5350: $? = 0
configure:5404: mipsel-uclibc-gcc -o conftest -Wall -Os -DLINUX26 -DDEBUG_NOISY -DDEBUG_RCTEST -pipe -funit-at-a-time -Wno-pointer-sign -mtune=mips32 -mips32 -DLINUX30 -DLINUX_KERNEL_VERSION=132644    conftest.c conftstm.o >&5
configure:5407: $? = 0
configure:5445: result: ok
configure:6324: checking how to run the C preprocessor
configure:6364: mipsel-uclibc-gcc -E  conftest.c
configure:6370: $? = 0
configure:6401: mipsel-uclibc-gcc -E  conftest.c
conftest.c:10:28: error: ac_nonexistent.h: No such file or directory
configure:6407: $? = 1
configure: failed program was:
| /* confdefs.h.  */
| #define PACKAGE_NAME "libusb-compat"
| #define PACKAGE_TARNAME "libusb-compat"
| #define PACKAGE_VERSION "0.1.3"
| #define PACKAGE_STRING "libusb-compat 0.1.3"
| #define PACKAGE_BUGREPORT ""
| #define PACKAGE "libusb-compat"
| #define VERSION "0.1.3"
| /* end confdefs.h.  */
| #include <ac_nonexistent.h>
configure:6440: result: mipsel-uclibc-gcc -E
configure:6469: mipsel-uclibc-gcc -E  conftest.c
configure:6475: $? = 0
configure:6506: mipsel-uclibc-gcc -E  conftest.c
conftest.c:10:28: error: ac_nonexistent.h: No such file or directory
configure:6512: $? = 1
configure: failed program was:
| /* confdefs.h.  */
| #define PACKAGE_NAME "libusb-compat"
| #define PACKAGE_TARNAME "libusb-compat"
| #define PACKAGE_VERSION "0.1.3"
| #define PACKAGE_STRING "libusb-compat 0.1.3"
| #define PACKAGE_BUGREPORT ""
| #define PACKAGE "libusb-compat"
| #define VERSION "0.1.3"
| /* end confdefs.h.  */
| #include <ac_nonexistent.h>
configure:6550: checking for ANSI C header files
configure:6580: mipsel-uclibc-gcc -c -Wall -Os -DLINUX26 -DDEBUG_NOISY -DDEBUG_RCTEST -pipe -funit-at-a-time -Wno-pointer-sign -mtune=mips32 -mips32 -DLINUX30 -DLINUX_KERNEL_VERSION=132644   conftest.c >&5
configure:6586: $? = 0
configure:6714: result: yes
configure:6738: checking for sys/types.h
configure:6759: mipsel-uclibc-gcc -c -Wall -Os -DLINUX26 -DDEBUG_NOISY -DDEBUG_RCTEST -pipe -funit-at-a-time -Wno-pointer-sign -mtune=mips32 -mips32 -DLINUX30 -DLINUX_KERNEL_VERSION=132644   conftest.c >&5
configure:6765: $? = 0
configure:6781: result: yes
configure:6738: checking for sys/stat.h
configure:6759: mipsel-uclibc-gcc -c -Wall -Os -DLINUX26 -DDEBUG_NOISY -DDEBUG_RCTEST -pipe -funit-at-a-time -Wno-pointer-sign -mtune=mips32 -mips32 -DLINUX30 -DLINUX_KERNEL_VERSION=132644   conftest.c >&5
configure:6765: $? = 0
configure:6781: result: yes
configure:6738: checking for stdlib.h
configure:6759: mipsel-uclibc-gcc -c -Wall -Os -DLINUX26 -DDEBUG_NOISY -DDEBUG_RCTEST -pipe -funit-at-a-time -Wno-pointer-sign -mtune=mips32 -mips32 -DLINUX30 -DLINUX_KERNEL_VERSION=132644   conftest.c >&5
configure:6765: $? = 0
configure:6781: result: yes
configure:6738: checking for string.h
configure:6759: mipsel-uclibc-gcc -c -Wall -Os -DLINUX26 -DDEBUG_NOISY -DDEBUG_RCTEST -pipe -funit-at-a-time -Wno-pointer-sign -mtune=mips32 -mips32 -DLINUX30 -DLINUX_KERNEL_VERSION=132644   conftest.c >&5
configure:6765: $? = 0
configure:6781: result: yes
configure:6738: checking for memory.h
configure:6759: mipsel-uclibc-gcc -c -Wall -Os -DLINUX26 -DDEBUG_NOISY -DDEBUG_RCTEST -pipe -funit-at-a-time -Wno-pointer-sign -mtune=mips32 -mips32 -DLINUX30 -DLINUX_KERNEL_VERSION=132644   conftest.c >&5
configure:6765: $? = 0
configure:6781: result: yes
configure:6738: checking for strings.h
configure:6759: mipsel-uclibc-gcc -c -Wall -Os -DLINUX26 -DDEBUG_NOISY -DDEBUG_RCTEST -pipe -funit-at-a-time -Wno-pointer-sign -mtune=mips32 -mips32 -DLINUX30 -DLINUX_KERNEL_VERSION=132644   conftest.c >&5
configure:6765: $? = 0
configure:6781: result: yes
configure:6738: checking for inttypes.h
configure:6759: mipsel-uclibc-gcc -c -Wall -Os -DLINUX26 -DDEBUG_NOISY -DDEBUG_RCTEST -pipe -funit-at-a-time -Wno-pointer-sign -mtune=mips32 -mips32 -DLINUX30 -DLINUX_KERNEL_VERSION=132644   conftest.c >&5
configure:6765: $? = 0
configure:6781: result: yes
configure:6738: checking for stdint.h
configure:6759: mipsel-uclibc-gcc -c -Wall -Os -DLINUX26 -DDEBUG_NOISY -DDEBUG_RCTEST -pipe -funit-at-a-time -Wno-pointer-sign -mtune=mips32 -mips32 -DLINUX30 -DLINUX_KERNEL_VERSION=132644   conftest.c >&5
configure:6765: $? = 0
configure:6781: result: yes
configure:6738: checking for unistd.h
configure:6759: mipsel-uclibc-gcc -c -Wall -Os -DLINUX26 -DDEBUG_NOISY -DDEBUG_RCTEST -pipe -funit-at-a-time -Wno-pointer-sign -mtune=mips32 -mips32 -DLINUX30 -DLINUX_KERNEL_VERSION=132644   conftest.c >&5
configure:6765: $? = 0
configure:6781: result: yes
configure:6797: checking for dlfcn.h
configure:6818: mipsel-uclibc-gcc -c -Wall -Os -DLINUX26 -DDEBUG_NOISY -DDEBUG_RCTEST -pipe -funit-at-a-time -Wno-pointer-sign -mtune=mips32 -mips32 -DLINUX30 -DLINUX_KERNEL_VERSION=132644   conftest.c >&5
configure:6824: $? = 0
configure:6840: result: yes
configure:7024: checking for objdir
configure:7039: result: .libs
configure:7335: checking if mipsel-uclibc-gcc supports -fno-rtti -fno-exceptions
configure:7353: mipsel-uclibc-gcc -c -Wall -Os -DLINUX26 -DDEBUG_NOISY -DDEBUG_RCTEST -pipe -funit-at-a-time -Wno-pointer-sign -mtune=mips32 -mips32 -DLINUX30 -DLINUX_KERNEL_VERSION=132644   -fno-rtti -fno-exceptions conftest.c >&5
cc1: warning: command line option "-fno-rtti" is valid for C++/ObjC++ but not for C
configure:7357: $? = 0
configure:7370: result: no
configure:7390: checking for mipsel-uclibc-gcc option to produce PIC
configure:7662: result: -fPIC -DPIC
configure:7674: checking if mipsel-uclibc-gcc PIC flag -fPIC -DPIC works
configure:7692: mipsel-uclibc-gcc -c -Wall -Os -DLINUX26 -DDEBUG_NOISY -DDEBUG_RCTEST -pipe -funit-at-a-time -Wno-pointer-sign -mtune=mips32 -mips32 -DLINUX30 -DLINUX_KERNEL_VERSION=132644   -fPIC -DPIC -DPIC conftest.c >&5
configure:7696: $? = 0
configure:7709: result: yes
configure:7733: checking if mipsel-uclibc-gcc static flag -static works
configure:7761: result: yes
configure:7776: checking if mipsel-uclibc-gcc supports -c -o file.o
configure:7797: mipsel-uclibc-gcc -c -Wall -Os -DLINUX26 -DDEBUG_NOISY -DDEBUG_RCTEST -pipe -funit-at-a-time -Wno-pointer-sign -mtune=mips32 -mips32 -DLINUX30 -DLINUX_KERNEL_VERSION=132644   -o out/conftest2.o conftest.c >&5
configure:7801: $? = 0
configure:7823: result: yes
configure:7831: checking if mipsel-uclibc-gcc supports -c -o file.o
configure:7878: result: yes
configure:7911: checking whether the mipsel-uclibc-gcc linker (mipsel-uclibc-ld) supports shared libraries
configure:8973: result: yes
configure:9010: checking whether -lc should be explicitly linked in
configure:9015: mipsel-uclibc-gcc -c -Wall -Os -DLINUX26 -DDEBUG_NOISY -DDEBUG_RCTEST -pipe -funit-at-a-time -Wno-pointer-sign -mtune=mips32 -mips32 -DLINUX30 -DLINUX_KERNEL_VERSION=132644   conftest.c >&5
configure:9018: $? = 0
configure:9033: mipsel-uclibc-gcc -shared conftest.o  -v -Wl,-soname -Wl,conftest -o conftest 2\>\&1 \| /bin/grep  -lc  \>/dev/null 2\>\&1
configure:9036: $? = 0
configure:9048: result: no
configure:9212: checking dynamic linker characteristics
configure:9668: mipsel-uclibc-gcc -o conftest -Wall -Os -DLINUX26 -DDEBUG_NOISY -DDEBUG_RCTEST -pipe -funit-at-a-time -Wno-pointer-sign -mtune=mips32 -mips32 -DLINUX30 -DLINUX_KERNEL_VERSION=132644    -Wl,-rpath -Wl,/foo conftest.c  >&5
configure:9674: $? = 0
configure:9904: result: GNU/Linux ld.so
configure:10006: checking how to hardcode library paths into programs
configure:10031: result: immediate
configure:10836: checking whether stripping libraries is possible
configure:10841: result: yes
configure:10876: checking if libtool supports shared libraries
configure:10878: result: yes
configure:10881: checking whether to build shared libraries
configure:10902: result: yes
configure:10905: checking whether to build static libraries
configure:10909: result: yes
configure:10944: checking for inline
configure:10970: mipsel-uclibc-gcc -c -Wall -Os -DLINUX26 -DDEBUG_NOISY -DDEBUG_RCTEST -pipe -funit-at-a-time -Wno-pointer-sign -mtune=mips32 -mips32 -DLINUX30 -DLINUX_KERNEL_VERSION=132644   conftest.c >&5
configure:10976: $? = 0
configure:10994: result: inline
configure:11014: checking whether mipsel-uclibc-gcc and cc understand -c and -o together
configure:11049: mipsel-uclibc-gcc -c conftest.c -o conftest2.o >&5
configure:11052: $? = 0
configure:11058: mipsel-uclibc-gcc -c conftest.c -o conftest2.o >&5
configure:11061: $? = 0
configure:11072: cc -c conftest.c >&5
configure:11075: $? = 0
configure:11083: cc -c conftest.c -o conftest2.o >&5
configure:11086: $? = 0
configure:11092: cc -c conftest.c -o conftest2.o >&5
configure:11095: $? = 0
configure:11113: result: yes
configure:11158: checking for mipsel-linux-pkg-config
configure:11191: result: no
configure:11201: checking for pkg-config
configure:11219: found /usr/bin/pkg-config
configure:11231: result: /usr/bin/pkg-config
configure:11245: WARNING: In the future, Autoconf will not detect cross-tools
whose name does not start with the host triplet.  If you think this
configuration is useful to you, please write to autoconf@gnu.org.
configure:11260: checking pkg-config is at least version 0.9.0
configure:11263: result: yes
configure:11274: checking for LIBUSB_1_0
configure:11379: result: yes
configure:11458: mipsel-uclibc-gcc -c -Wall -Os -DLINUX26 -DDEBUG_NOISY -DDEBUG_RCTEST -pipe -funit-at-a-time -Wno-pointer-sign -mtune=mips32 -mips32 -DLINUX30 -DLINUX_KERNEL_VERSION=132644  -fgnu89-inline  conftest.c >&5
configure:11464: $? = 0
configure:11614: creating ./config.status

## ---------------------- ##
## Running config.status. ##
## ---------------------- ##

This file was extended by libusb-compat config.status 0.1.3, which was
generated by GNU Autoconf 2.61.  Invocation command line was

  CONFIG_FILES    = 
  CONFIG_HEADERS  = 
  CONFIG_LINKS    = 
  CONFIG_COMMANDS = 
  $ ./config.status 

on paldier-lantiq

config.status:864: creating libusb.pc
config.status:864: creating libusb-config
config.status:864: creating Makefile
config.status:864: creating libusb/Makefile
config.status:864: creating examples/Makefile
config.status:864: creating config.h
config.status:1141: executing depfiles commands
config.status:1141: executing libtool commands
config.status:1141: executing default commands

## ---------------- ##
## Cache variables. ##
## ---------------- ##

ac_cv_build=x86_64-unknown-linux-uclibc
ac_cv_c_compiler_gnu=yes
ac_cv_c_inline=inline
ac_cv_env_CC_set=set
ac_cv_env_CC_value=mipsel-uclibc-gcc
ac_cv_env_CFLAGS_set=set
ac_cv_env_CFLAGS_value='-Wall -Os -DLINUX26 -DDEBUG_NOISY -DDEBUG_RCTEST -pipe -funit-at-a-time -Wno-pointer-sign -mtune=mips32 -mips32 -DLINUX30 -DLINUX_KERNEL_VERSION=132644 '
ac_cv_env_CPPFLAGS_set=
ac_cv_env_CPPFLAGS_value=
ac_cv_env_CPP_set=
ac_cv_env_CPP_value=
ac_cv_env_LDFLAGS_set=
ac_cv_env_LDFLAGS_value=
ac_cv_env_LIBS_set=
ac_cv_env_LIBS_value=
ac_cv_env_LIBUSB_1_0_CFLAGS_set=set
ac_cv_env_LIBUSB_1_0_CFLAGS_value=-I/home/paldier/asuswrt/release/src-ra-4300/router/libusb10/libusb
ac_cv_env_LIBUSB_1_0_LIBS_set=set
ac_cv_env_LIBUSB_1_0_LIBS_value='-L/home/paldier/asuswrt/release/src-ra-4300/router/libusb10/libusb/.libs -lusb-1.0 -lpthread -ldl	-Wl,-R/lib:/usr/lib:/opt/usr/lib:/usr/local/share'
ac_cv_env_PKG_CONFIG_set=
ac_cv_env_PKG_CONFIG_value=
ac_cv_env_build_alias_set=set
ac_cv_env_build_alias_value=
ac_cv_env_host_alias_set=set
ac_cv_env_host_alias_value=mipsel-linux
ac_cv_env_target_alias_set=
ac_cv_env_target_alias_value=
ac_cv_header_dlfcn_h=yes
ac_cv_header_inttypes_h=yes
ac_cv_header_memory_h=yes
ac_cv_header_stdc=yes
ac_cv_header_stdint_h=yes
ac_cv_header_stdlib_h=yes
ac_cv_header_string_h=yes
ac_cv_header_strings_h=yes
ac_cv_header_sys_stat_h=yes
ac_cv_header_sys_types_h=yes
ac_cv_header_unistd_h=yes
ac_cv_host=mipsel-unknown-linux-gnu
ac_cv_objext=o
ac_cv_path_EGREP='/bin/grep -E'
ac_cv_path_FGREP='/bin/grep -F'
ac_cv_path_GREP=/bin/grep
ac_cv_path_SED=/bin/sed
ac_cv_path_ac_pt_PKG_CONFIG=/usr/bin/pkg-config
ac_cv_path_install='/usr/bin/install -c'
ac_cv_path_mkdir=/bin/mkdir
ac_cv_prog_AR=mipsel-uclibc-ar
ac_cv_prog_AWK=gawk
ac_cv_prog_CC=mipsel-uclibc-gcc
ac_cv_prog_CPP='mipsel-uclibc-gcc -E'
ac_cv_prog_OBJDUMP=mipsel-uclibc-objdump
ac_cv_prog_RANLIB=mipsel-uclibc-ranlib
ac_cv_prog_STRIP='mipsel-uclibc-strip -R .note -R .comment'
ac_cv_prog_cc_c89=
ac_cv_prog_cc_g=yes
ac_cv_prog_cc_mipsel_uclibc_gcc_c_o=yes
ac_cv_prog_make_make_set=yes
am_cv_CC_dependencies_compiler_type=gcc3
lt_cv_deplibs_check_method=pass_all
lt_cv_file_magic_cmd='$MAGIC_CMD'
lt_cv_file_magic_test_file=
lt_cv_ld_reload_flag=-r
lt_cv_nm_interface='BSD nm'
lt_cv_objdir=.libs
lt_cv_path_LD=mipsel-uclibc-ld
lt_cv_path_NM=mipsel-uclibc-nm
lt_cv_prog_compiler_c_o=yes
lt_cv_prog_compiler_pic_works=yes
lt_cv_prog_compiler_rtti_exceptions=no
lt_cv_prog_compiler_static_works=yes
lt_cv_prog_gnu_ld=yes
lt_cv_sys_global_symbol_pipe='sed -n -e '\''s/^.*[	 ]\([ABCDGIRSTW][ABCDGIRSTW]*\)[	 ][	 ]*\([_A-Za-z][_A-Za-z0-9]*\)$/\1 \2 \2/p'\'''
lt_cv_sys_global_symbol_to_c_name_address='sed -n -e '\''s/^: \([^ ]*\) $/  {\"\1\", (void *) 0},/p'\'' -e '\''s/^[ABCDGIRSTW]* \([^ ]*\) \([^ ]*\)$/  {"\2", (void *) \&\2},/p'\'''
lt_cv_sys_global_symbol_to_c_name_address_lib_prefix='sed -n -e '\''s/^: \([^ ]*\) $/  {\"\1\", (void *) 0},/p'\'' -e '\''s/^[ABCDGIRSTW]* \([^ ]*\) \(lib[^ ]*\)$/  {"\2", (void *) \&\2},/p'\'' -e '\''s/^[ABCDGIRSTW]* \([^ ]*\) \([^ ]*\)$/  {"lib\2", (void *) \&\2},/p'\'''
lt_cv_sys_global_symbol_to_cdecl='sed -n -e '\''s/^T .* \(.*\)$/extern int \1();/p'\'' -e '\''s/^[ABCDGIRSTW]* .* \(.*\)$/extern char \1;/p'\'''
lt_cv_sys_max_cmd_len=1572864
pkg_cv_LIBUSB_1_0_CFLAGS=-I/home/paldier/asuswrt/release/src-ra-4300/router/libusb10/libusb
pkg_cv_LIBUSB_1_0_LIBS='-L/home/paldier/asuswrt/release/src-ra-4300/router/libusb10/libusb/.libs -lusb-1.0 -lpthread -ldl	-Wl,-R/lib:/usr/lib:/opt/usr/lib:/usr/local/share'

## ----------------- ##
## Output variables. ##
## ----------------- ##

ACLOCAL='${SHELL} /home/paldier/asuswrt/release/src/router/libusb/missing --run aclocal-1.10'
AMDEPBACKSLASH='\'
AMDEP_FALSE='#'
AMDEP_TRUE=''
AMTAR='${SHELL} /home/paldier/asuswrt/release/src/router/libusb/missing --run tar'
AM_CFLAGS='-std=gnu99 -fgnu89-inline -Wall -Wundef -Wunused -Wstrict-prototypes -Werror-implicit-function-declaration -Wshadow'
AR='mipsel-uclibc-ar'
AUTOCONF='${SHELL} /home/paldier/asuswrt/release/src/router/libusb/missing --run autoconf'
AUTOHEADER='${SHELL} /home/paldier/asuswrt/release/src/router/libusb/missing --run autoheader'
AUTOMAKE='${SHELL} /home/paldier/asuswrt/release/src/router/libusb/missing --run automake-1.10'
AWK='gawk'
BUILD_EXAMPLES_FALSE=''
BUILD_EXAMPLES_TRUE='#'
CC='mipsel-uclibc-gcc'
CCDEPMODE='depmode=gcc3'
CFLAGS='-Wall -Os -DLINUX26 -DDEBUG_NOISY -DDEBUG_RCTEST -pipe -funit-at-a-time -Wno-pointer-sign -mtune=mips32 -mips32 -DLINUX30 -DLINUX_KERNEL_VERSION=132644 '
CPP='mipsel-uclibc-gcc -E'
CPPFLAGS=''
CYGPATH_W='echo'
DEFS='-DHAVE_CONFIG_H'
DEPDIR='.deps'
DSYMUTIL=''
DUMPBIN=''
ECHO_C=''
ECHO_N='-n'
ECHO_T=''
EGREP='/bin/grep -E'
EXEEXT=''
FGREP='/bin/grep -F'
GREP='/bin/grep'
INSTALL_DATA='${INSTALL} -m 644'
INSTALL_PROGRAM='${INSTALL}'
INSTALL_SCRIPT='${INSTALL}'
INSTALL_STRIP_PROGRAM='$(install_sh) -c -s'
LD='mipsel-uclibc-ld'
LDFLAGS=''
LIBOBJS=''
LIBS=''
LIBTOOL='$(SHELL) $(top_builddir)/libtool'
LIBUSB01_VERSION='0.1.12'
LIBUSB_1_0_CFLAGS='-I/home/paldier/asuswrt/release/src-ra-4300/router/libusb10/libusb'
LIBUSB_1_0_LIBS='-L/home/paldier/asuswrt/release/src-ra-4300/router/libusb10/libusb/.libs -lusb-1.0 -lpthread -ldl	-Wl,-R/lib:/usr/lib:/opt/usr/lib:/usr/local/share'
LIPO=''
LN_S='ln -s'
LTLIBOBJS=''
LT_AGE='4'
LT_MAJOR='8'
LT_REVISION='4'
MAKEINFO='${SHELL} /home/paldier/asuswrt/release/src/router/libusb/missing --run makeinfo'
NM='mipsel-uclibc-nm'
NMEDIT=''
OBJDUMP='mipsel-uclibc-objdump'
OBJEXT='o'
OTOOL64=''
OTOOL=''
PACKAGE='libusb-compat'
PACKAGE_BUGREPORT=''
PACKAGE_NAME='libusb-compat'
PACKAGE_STRING='libusb-compat 0.1.3'
PACKAGE_TARNAME='libusb-compat'
PACKAGE_VERSION='0.1.3'
PATH_SEPARATOR=':'
PKG_CONFIG='/usr/bin/pkg-config'
RANLIB='mipsel-uclibc-ranlib'
SED='/bin/sed'
SET_MAKE=''
SHELL='/bin/bash'
STRIP='mipsel-uclibc-strip -R .note -R .comment'
VERSION='0.1.3'
ac_ct_CC=''
ac_ct_DUMPBIN=''
am__fastdepCC_FALSE='#'
am__fastdepCC_TRUE=''
am__include='include'
am__isrc=''
am__leading_dot='.'
am__quote=''
am__tar='${AMTAR} chof - "$$tardir"'
am__untar='${AMTAR} xf -'
bindir='${exec_prefix}/bin'
build='x86_64-unknown-linux-uclibc'
build_alias=''
build_cpu='x86_64'
build_os='linux-uclibc'
build_vendor='unknown'
datadir='${datarootdir}'
datarootdir='${prefix}/share'
docdir='${datarootdir}/doc/${PACKAGE_TARNAME}'
dvidir='${docdir}'
exec_prefix='${prefix}'
host='mipsel-unknown-linux-gnu'
host_alias='mipsel-linux'
host_cpu='mipsel'
host_os='linux-gnu'
host_vendor='unknown'
htmldir='${docdir}'
includedir='${prefix}/include'
infodir='${datarootdir}/info'
install_sh='$(SHELL) /home/paldier/asuswrt/release/src/router/libusb/install-sh'
libdir='${exec_prefix}/lib'
libexecdir='${exec_prefix}/libexec'
localedir='${datarootdir}/locale'
localstatedir='${prefix}/var'
lt_ECHO='echo'
mandir='${datarootdir}/man'
mkdir_p='/bin/mkdir -p'
oldincludedir='/usr/include'
pdfdir='${docdir}'
prefix='/usr'
program_transform_name='s,x,x,'
psdir='${docdir}'
sbindir='${exec_prefix}/sbin'
sharedstatedir='${prefix}/com'
sysconfdir='${prefix}/etc'
target_alias=''

## ----------- ##
## confdefs.h. ##
## ----------- ##

#define PACKAGE_NAME "libusb-compat"
#define PACKAGE_TARNAME "libusb-compat"
#define PACKAGE_VERSION "0.1.3"
#define PACKAGE_STRING "libusb-compat 0.1.3"
#define PACKAGE_BUGREPORT ""
#define PACKAGE "libusb-compat"
#define VERSION "0.1.3"
#define STDC_HEADERS 1
#define HAVE_SYS_TYPES_H 1
#define HAVE_SYS_STAT_H 1
#define HAVE_STDLIB_H 1
#define HAVE_STRING_H 1
#define HAVE_MEMORY_H 1
#define HAVE_STRINGS_H 1
#define HAVE_INTTYPES_H 1
#define HAVE_STDINT_H 1
#define HAVE_UNISTD_H 1
#define HAVE_DLFCN_H 1
#define LT_OBJDIR ".libs/"
#define ENABLE_LOGGING 1
#define API_EXPORTED __attribute__((visibility("default")))

configure: exit 0
