This file contains any messages produced by compilers while
running configure, to aid debugging if configure makes a mistake.

It was created by FULL-PACKAGE-NAME configure VERSION, which was
generated by GNU Autoconf 2.69.  Invocation command line was

  $ ./configure --host=mipsel-linux --build= --prefix= CFLAGS=-Os -I/home/paldier/asuswrt/release/src-ra-4300/include -I/home/paldier/asuswrt/release/src-ra-4300/router/shared -DLINUX26 -DDEBUG_NOISY -DDEBUG_RCTEST -pipe -funit-at-a-time -Wno-pointer-sign -mtune=mips32 -mips32 -DLINUX30 -DLINUX_KERNEL_VERSION=132644  LDFLAGS=-L/home/paldier/asuswrt/release/src-ra-4300/router/nvram -L/home/paldier/asuswrt/release/src-ra-4300/router/shared   LIBS=-lnvram -lshared 

## --------- ##
## Platform. ##
## --------- ##

hostname = paldier-lantiq
uname -m = x86_64
uname -r = 4.13.0-36-generic
uname -s = Linux
uname -v = #40~16.04.1-Ubuntu SMP Fri Feb 16 23:25:58 UTC 2018

/usr/bin/uname -p = unknown
/bin/uname -X     = unknown

/bin/arch              = unknown
/usr/bin/arch -k       = unknown
/usr/convex/getsysinfo = unknown
/usr/bin/hostinfo      = unknown
/bin/machine           = unknown
/usr/bin/oslevel       = unknown
/bin/universe          = unknown

PATH: /home/paldier/asuswrt/release/tools
PATH: /home/paldier/asuswrt/release/src-ra-4300/ctools
PATH: /home/paldier/asuswrt/release/tools
PATH: /home/paldier/asuswrt/release/src-ra-4300/ctools
PATH: /home/paldier/asuswrt/release/tools
PATH: /home/paldier/asuswrt/release/src-ra-4300/ctools
PATH: /opt/brcm/hndtools-mipsel-linux/bin
PATH: /opt/brcm/hndtools-mipsel-uclibc/bin
PATH: /opt/buildroot-gcc342/bin
PATH: /home/paldier/bin
PATH: /home/paldier/.local/bin
PATH: /usr/local/sbin
PATH: /usr/local/bin
PATH: /usr/sbin
PATH: /usr/bin
PATH: /sbin
PATH: /bin
PATH: /usr/games
PATH: /usr/local/games
PATH: /snap/bin


## ----------- ##
## Core tests. ##
## ----------- ##

configure:2290: checking for a BSD-compatible install
configure:2358: result: /usr/bin/install -c
configure:2369: checking whether build environment is sane
configure:2419: result: yes
configure:2447: WARNING: `missing' script is too old or missing
configure:2468: checking for mipsel-linux-strip
configure:2495: result: mipsel-uclibc-strip -R .note -R .comment
configure:2560: checking for a thread-safe mkdir -p
configure:2599: result: /bin/mkdir -p
configure:2612: checking for gawk
configure:2628: found /usr/bin/gawk
configure:2639: result: gawk
configure:2650: checking whether make sets $(MAKE)
configure:2672: result: yes
configure:2753: checking whether to enable maintainer-specific portions of Makefiles
configure:2762: result: no
configure:2889: checking for C++ compiler version
configure:2898: mipsel-uclibc-g++ --version >&5
mipsel-uclibc-g++ (GCC) 4.2.4
Copyright (C) 2007 Free Software Foundation, Inc.
This is free software; see the source for copying conditions.  There is NO
warranty; not even for MERCHANTABILITY or FITNESS FOR A PARTICULAR PURPOSE.

configure:2909: $? = 0
configure:2898: mipsel-uclibc-g++ -v >&5
Using built-in specs.
Target: mipsel-linux-uclibc
Configured with: /home/fedork/tomato/toolchain/build_dir/toolchain-mipsel_gcc4.2.4/gcc-4.2.4/configure --prefix=/opt/brcm/hndtools-mipsel-uclibc-4.2.4 --build=i486-linux-gnu --host=i486-linux-gnu --target=mipsel-linux-uclibc --with-gnu-ld --enable-target-optspace --disable-libgomp --disable-libmudflap --disable-multilib --disable-nls --disable-__cxa_atexit --enable-libssp --enable-languages=c,c++ --enable-shared --enable-threads --disable-tls
Thread model: posix
gcc version 4.2.4
configure:2909: $? = 0
configure:2898: mipsel-uclibc-g++ -V >&5
mipsel-uclibc-g++: '-V' option must have argument
configure:2909: $? = 1
configure:2898: mipsel-uclibc-g++ -qversion >&5
mipsel-uclibc-g++: unrecognized option '-qversion'
mipsel-uclibc-g++: no input files
configure:2909: $? = 1
configure:2929: checking whether the C++ compiler works
configure:2951: mipsel-uclibc-g++   -L/home/paldier/asuswrt/release/src-ra-4300/router/nvram -L/home/paldier/asuswrt/release/src-ra-4300/router/shared   conftest.cpp -lnvram -lshared  >&5
configure:2955: $? = 0
configure:3003: result: yes
configure:3006: checking for C++ compiler default output file name
configure:3008: result: a.out
configure:3014: checking for suffix of executables
configure:3021: mipsel-uclibc-g++ -o conftest   -L/home/paldier/asuswrt/release/src-ra-4300/router/nvram -L/home/paldier/asuswrt/release/src-ra-4300/router/shared   conftest.cpp -lnvram -lshared  >&5
configure:3025: $? = 0
configure:3047: result: 
configure:3069: checking whether we are cross compiling
configure:3077: mipsel-uclibc-g++ -o conftest   -L/home/paldier/asuswrt/release/src-ra-4300/router/nvram -L/home/paldier/asuswrt/release/src-ra-4300/router/shared   conftest.cpp -lnvram -lshared  >&5
configure:3081: $? = 0
configure:3088: ./conftest
./configure: line 3090: ./conftest: cannot execute binary file: Exec format error
configure:3092: $? = 126
configure:3107: result: yes
configure:3112: checking for suffix of object files
configure:3134: mipsel-uclibc-g++ -c   conftest.cpp >&5
configure:3138: $? = 0
configure:3159: result: o
configure:3163: checking whether we are using the GNU C++ compiler
configure:3182: mipsel-uclibc-g++ -c   conftest.cpp >&5
configure:3182: $? = 0
configure:3191: result: yes
configure:3200: checking whether mipsel-uclibc-g++ accepts -g
configure:3220: mipsel-uclibc-g++ -c -g  conftest.cpp >&5
configure:3220: $? = 0
configure:3261: result: yes
configure:3295: checking for style of include used by make
configure:3323: result: GNU
configure:3349: checking dependency style of mipsel-uclibc-g++
configure:3460: result: gcc3
configure:3483: checking for mipsel-linux-gcc
configure:3510: result: mipsel-uclibc-gcc
configure:3779: checking for C compiler version
configure:3788: mipsel-uclibc-gcc --version >&5
mipsel-uclibc-gcc (GCC) 4.2.4
Copyright (C) 2007 Free Software Foundation, Inc.
This is free software; see the source for copying conditions.  There is NO
warranty; not even for MERCHANTABILITY or FITNESS FOR A PARTICULAR PURPOSE.

configure:3799: $? = 0
configure:3788: mipsel-uclibc-gcc -v >&5
Using built-in specs.
Target: mipsel-linux-uclibc
Configured with: /home/fedork/tomato/toolchain/build_dir/toolchain-mipsel_gcc4.2.4/gcc-4.2.4/configure --prefix=/opt/brcm/hndtools-mipsel-uclibc-4.2.4 --build=i486-linux-gnu --host=i486-linux-gnu --target=mipsel-linux-uclibc --with-gnu-ld --enable-target-optspace --disable-libgomp --disable-libmudflap --disable-multilib --disable-nls --disable-__cxa_atexit --enable-libssp --enable-languages=c,c++ --enable-shared --enable-threads --disable-tls
Thread model: posix
gcc version 4.2.4
configure:3799: $? = 0
configure:3788: mipsel-uclibc-gcc -V >&5
mipsel-uclibc-gcc: '-V' option must have argument
configure:3799: $? = 1
configure:3788: mipsel-uclibc-gcc -qversion >&5
mipsel-uclibc-gcc: unrecognized option '-qversion'
mipsel-uclibc-gcc: no input files
configure:3799: $? = 1
configure:3803: checking whether we are using the GNU C compiler
configure:3822: mipsel-uclibc-gcc -c -Os -I/home/paldier/asuswrt/release/src-ra-4300/include -I/home/paldier/asuswrt/release/src-ra-4300/router/shared -DLINUX26 -DDEBUG_NOISY -DDEBUG_RCTEST -pipe -funit-at-a-time -Wno-pointer-sign -mtune=mips32 -mips32 -DLINUX30 -DLINUX_KERNEL_VERSION=132644   conftest.c >&5
configure:3822: $? = 0
configure:3831: result: yes
configure:3840: checking whether mipsel-uclibc-gcc accepts -g
configure:3860: mipsel-uclibc-gcc -c -g  conftest.c >&5
configure:3860: $? = 0
configure:3901: result: yes
configure:3918: checking for mipsel-uclibc-gcc option to accept ISO C89
configure:3981: mipsel-uclibc-gcc  -c -Os -I/home/paldier/asuswrt/release/src-ra-4300/include -I/home/paldier/asuswrt/release/src-ra-4300/router/shared -DLINUX26 -DDEBUG_NOISY -DDEBUG_RCTEST -pipe -funit-at-a-time -Wno-pointer-sign -mtune=mips32 -mips32 -DLINUX30 -DLINUX_KERNEL_VERSION=132644   conftest.c >&5
configure:3981: $? = 0
configure:3994: result: none needed
configure:4016: checking dependency style of mipsel-uclibc-gcc
configure:4127: result: gcc3
configure:4152: checking how to run the C preprocessor
configure:4183: mipsel-uclibc-gcc -E  conftest.c
configure:4183: $? = 0
configure:4197: mipsel-uclibc-gcc -E  conftest.c
conftest.c:11:28: error: ac_nonexistent.h: No such file or directory
configure:4197: $? = 1
configure: failed program was:
| /* confdefs.h */
| #define PACKAGE_NAME "FULL-PACKAGE-NAME"
| #define PACKAGE_TARNAME "full-package-name"
| #define PACKAGE_VERSION "VERSION"
| #define PACKAGE_STRING "FULL-PACKAGE-NAME VERSION"
| #define PACKAGE_BUGREPORT "BUG-REPORT-ADDRESS"
| #define PACKAGE_URL ""
| #define PACKAGE "phddns"
| #define VERSION "2.0.6.32828"
| /* end confdefs.h.  */
| #include <ac_nonexistent.h>
configure:4222: result: mipsel-uclibc-gcc -E
configure:4242: mipsel-uclibc-gcc -E  conftest.c
configure:4242: $? = 0
configure:4256: mipsel-uclibc-gcc -E  conftest.c
conftest.c:11:28: error: ac_nonexistent.h: No such file or directory
configure:4256: $? = 1
configure: failed program was:
| /* confdefs.h */
| #define PACKAGE_NAME "FULL-PACKAGE-NAME"
| #define PACKAGE_TARNAME "full-package-name"
| #define PACKAGE_VERSION "VERSION"
| #define PACKAGE_STRING "FULL-PACKAGE-NAME VERSION"
| #define PACKAGE_BUGREPORT "BUG-REPORT-ADDRESS"
| #define PACKAGE_URL ""
| #define PACKAGE "phddns"
| #define VERSION "2.0.6.32828"
| /* end confdefs.h.  */
| #include <ac_nonexistent.h>
configure:4285: checking for grep that handles long lines and -e
configure:4343: result: /bin/grep
configure:4348: checking for egrep
configure:4410: result: /bin/grep -E
configure:4415: checking for ANSI C header files
configure:4435: mipsel-uclibc-gcc -c -Os -I/home/paldier/asuswrt/release/src-ra-4300/include -I/home/paldier/asuswrt/release/src-ra-4300/router/shared -DLINUX26 -DDEBUG_NOISY -DDEBUG_RCTEST -pipe -funit-at-a-time -Wno-pointer-sign -mtune=mips32 -mips32 -DLINUX30 -DLINUX_KERNEL_VERSION=132644   conftest.c >&5
configure:4435: $? = 0
configure:4519: result: yes
configure:4532: checking for sys/types.h
configure:4532: mipsel-uclibc-gcc -c -Os -I/home/paldier/asuswrt/release/src-ra-4300/include -I/home/paldier/asuswrt/release/src-ra-4300/router/shared -DLINUX26 -DDEBUG_NOISY -DDEBUG_RCTEST -pipe -funit-at-a-time -Wno-pointer-sign -mtune=mips32 -mips32 -DLINUX30 -DLINUX_KERNEL_VERSION=132644   conftest.c >&5
configure:4532: $? = 0
configure:4532: result: yes
configure:4532: checking for sys/stat.h
configure:4532: mipsel-uclibc-gcc -c -Os -I/home/paldier/asuswrt/release/src-ra-4300/include -I/home/paldier/asuswrt/release/src-ra-4300/router/shared -DLINUX26 -DDEBUG_NOISY -DDEBUG_RCTEST -pipe -funit-at-a-time -Wno-pointer-sign -mtune=mips32 -mips32 -DLINUX30 -DLINUX_KERNEL_VERSION=132644   conftest.c >&5
configure:4532: $? = 0
configure:4532: result: yes
configure:4532: checking for stdlib.h
configure:4532: mipsel-uclibc-gcc -c -Os -I/home/paldier/asuswrt/release/src-ra-4300/include -I/home/paldier/asuswrt/release/src-ra-4300/router/shared -DLINUX26 -DDEBUG_NOISY -DDEBUG_RCTEST -pipe -funit-at-a-time -Wno-pointer-sign -mtune=mips32 -mips32 -DLINUX30 -DLINUX_KERNEL_VERSION=132644   conftest.c >&5
configure:4532: $? = 0
configure:4532: result: yes
configure:4532: checking for string.h
configure:4532: mipsel-uclibc-gcc -c -Os -I/home/paldier/asuswrt/release/src-ra-4300/include -I/home/paldier/asuswrt/release/src-ra-4300/router/shared -DLINUX26 -DDEBUG_NOISY -DDEBUG_RCTEST -pipe -funit-at-a-time -Wno-pointer-sign -mtune=mips32 -mips32 -DLINUX30 -DLINUX_KERNEL_VERSION=132644   conftest.c >&5
configure:4532: $? = 0
configure:4532: result: yes
configure:4532: checking for memory.h
configure:4532: mipsel-uclibc-gcc -c -Os -I/home/paldier/asuswrt/release/src-ra-4300/include -I/home/paldier/asuswrt/release/src-ra-4300/router/shared -DLINUX26 -DDEBUG_NOISY -DDEBUG_RCTEST -pipe -funit-at-a-time -Wno-pointer-sign -mtune=mips32 -mips32 -DLINUX30 -DLINUX_KERNEL_VERSION=132644   conftest.c >&5
configure:4532: $? = 0
configure:4532: result: yes
configure:4532: checking for strings.h
configure:4532: mipsel-uclibc-gcc -c -Os -I/home/paldier/asuswrt/release/src-ra-4300/include -I/home/paldier/asuswrt/release/src-ra-4300/router/shared -DLINUX26 -DDEBUG_NOISY -DDEBUG_RCTEST -pipe -funit-at-a-time -Wno-pointer-sign -mtune=mips32 -mips32 -DLINUX30 -DLINUX_KERNEL_VERSION=132644   conftest.c >&5
configure:4532: $? = 0
configure:4532: result: yes
configure:4532: checking for inttypes.h
configure:4532: mipsel-uclibc-gcc -c -Os -I/home/paldier/asuswrt/release/src-ra-4300/include -I/home/paldier/asuswrt/release/src-ra-4300/router/shared -DLINUX26 -DDEBUG_NOISY -DDEBUG_RCTEST -pipe -funit-at-a-time -Wno-pointer-sign -mtune=mips32 -mips32 -DLINUX30 -DLINUX_KERNEL_VERSION=132644   conftest.c >&5
configure:4532: $? = 0
configure:4532: result: yes
configure:4532: checking for stdint.h
configure:4532: mipsel-uclibc-gcc -c -Os -I/home/paldier/asuswrt/release/src-ra-4300/include -I/home/paldier/asuswrt/release/src-ra-4300/router/shared -DLINUX26 -DDEBUG_NOISY -DDEBUG_RCTEST -pipe -funit-at-a-time -Wno-pointer-sign -mtune=mips32 -mips32 -DLINUX30 -DLINUX_KERNEL_VERSION=132644   conftest.c >&5
configure:4532: $? = 0
configure:4532: result: yes
configure:4532: checking for unistd.h
configure:4532: mipsel-uclibc-gcc -c -Os -I/home/paldier/asuswrt/release/src-ra-4300/include -I/home/paldier/asuswrt/release/src-ra-4300/router/shared -DLINUX26 -DDEBUG_NOISY -DDEBUG_RCTEST -pipe -funit-at-a-time -Wno-pointer-sign -mtune=mips32 -mips32 -DLINUX30 -DLINUX_KERNEL_VERSION=132644   conftest.c >&5
configure:4532: $? = 0
configure:4532: result: yes
configure:4547: checking arpa/inet.h usability
configure:4547: mipsel-uclibc-gcc -c -Os -I/home/paldier/asuswrt/release/src-ra-4300/include -I/home/paldier/asuswrt/release/src-ra-4300/router/shared -DLINUX26 -DDEBUG_NOISY -DDEBUG_RCTEST -pipe -funit-at-a-time -Wno-pointer-sign -mtune=mips32 -mips32 -DLINUX30 -DLINUX_KERNEL_VERSION=132644   conftest.c >&5
configure:4547: $? = 0
configure:4547: result: yes
configure:4547: checking arpa/inet.h presence
configure:4547: mipsel-uclibc-gcc -E  conftest.c
configure:4547: $? = 0
configure:4547: result: yes
configure:4547: checking for arpa/inet.h
configure:4547: result: yes
configure:4547: checking fcntl.h usability
configure:4547: mipsel-uclibc-gcc -c -Os -I/home/paldier/asuswrt/release/src-ra-4300/include -I/home/paldier/asuswrt/release/src-ra-4300/router/shared -DLINUX26 -DDEBUG_NOISY -DDEBUG_RCTEST -pipe -funit-at-a-time -Wno-pointer-sign -mtune=mips32 -mips32 -DLINUX30 -DLINUX_KERNEL_VERSION=132644   conftest.c >&5
configure:4547: $? = 0
configure:4547: result: yes
configure:4547: checking fcntl.h presence
configure:4547: mipsel-uclibc-gcc -E  conftest.c
configure:4547: $? = 0
configure:4547: result: yes
configure:4547: checking for fcntl.h
configure:4547: result: yes
configure:4547: checking for memory.h
configure:4547: result: yes
configure:4547: checking netdb.h usability
configure:4547: mipsel-uclibc-gcc -c -Os -I/home/paldier/asuswrt/release/src-ra-4300/include -I/home/paldier/asuswrt/release/src-ra-4300/router/shared -DLINUX26 -DDEBUG_NOISY -DDEBUG_RCTEST -pipe -funit-at-a-time -Wno-pointer-sign -mtune=mips32 -mips32 -DLINUX30 -DLINUX_KERNEL_VERSION=132644   conftest.c >&5
configure:4547: $? = 0
configure:4547: result: yes
configure:4547: checking netdb.h presence
configure:4547: mipsel-uclibc-gcc -E  conftest.c
configure:4547: $? = 0
configure:4547: result: yes
configure:4547: checking for netdb.h
configure:4547: result: yes
configure:4547: checking netinet/in.h usability
configure:4547: mipsel-uclibc-gcc -c -Os -I/home/paldier/asuswrt/release/src-ra-4300/include -I/home/paldier/asuswrt/release/src-ra-4300/router/shared -DLINUX26 -DDEBUG_NOISY -DDEBUG_RCTEST -pipe -funit-at-a-time -Wno-pointer-sign -mtune=mips32 -mips32 -DLINUX30 -DLINUX_KERNEL_VERSION=132644   conftest.c >&5
configure:4547: $? = 0
configure:4547: result: yes
configure:4547: checking netinet/in.h presence
configure:4547: mipsel-uclibc-gcc -E  conftest.c
configure:4547: $? = 0
configure:4547: result: yes
configure:4547: checking for netinet/in.h
configure:4547: result: yes
configure:4547: checking stddef.h usability
configure:4547: mipsel-uclibc-gcc -c -Os -I/home/paldier/asuswrt/release/src-ra-4300/include -I/home/paldier/asuswrt/release/src-ra-4300/router/shared -DLINUX26 -DDEBUG_NOISY -DDEBUG_RCTEST -pipe -funit-at-a-time -Wno-pointer-sign -mtune=mips32 -mips32 -DLINUX30 -DLINUX_KERNEL_VERSION=132644   conftest.c >&5
configure:4547: $? = 0
configure:4547: result: yes
configure:4547: checking stddef.h presence
configure:4547: mipsel-uclibc-gcc -E  conftest.c
configure:4547: $? = 0
configure:4547: result: yes
configure:4547: checking for stddef.h
configure:4547: result: yes
configure:4547: checking for stdlib.h
configure:4547: result: yes
configure:4547: checking for string.h
configure:4547: result: yes
configure:4547: checking sys/ioctl.h usability
configure:4547: mipsel-uclibc-gcc -c -Os -I/home/paldier/asuswrt/release/src-ra-4300/include -I/home/paldier/asuswrt/release/src-ra-4300/router/shared -DLINUX26 -DDEBUG_NOISY -DDEBUG_RCTEST -pipe -funit-at-a-time -Wno-pointer-sign -mtune=mips32 -mips32 -DLINUX30 -DLINUX_KERNEL_VERSION=132644   conftest.c >&5
configure:4547: $? = 0
configure:4547: result: yes
configure:4547: checking sys/ioctl.h presence
configure:4547: mipsel-uclibc-gcc -E  conftest.c
configure:4547: $? = 0
configure:4547: result: yes
configure:4547: checking for sys/ioctl.h
configure:4547: result: yes
configure:4547: checking sys/socket.h usability
configure:4547: mipsel-uclibc-gcc -c -Os -I/home/paldier/asuswrt/release/src-ra-4300/include -I/home/paldier/asuswrt/release/src-ra-4300/router/shared -DLINUX26 -DDEBUG_NOISY -DDEBUG_RCTEST -pipe -funit-at-a-time -Wno-pointer-sign -mtune=mips32 -mips32 -DLINUX30 -DLINUX_KERNEL_VERSION=132644   conftest.c >&5
configure:4547: $? = 0
configure:4547: result: yes
configure:4547: checking sys/socket.h presence
configure:4547: mipsel-uclibc-gcc -E  conftest.c
configure:4547: $? = 0
configure:4547: result: yes
configure:4547: checking for sys/socket.h
configure:4547: result: yes
configure:4547: checking sys/time.h usability
configure:4547: mipsel-uclibc-gcc -c -Os -I/home/paldier/asuswrt/release/src-ra-4300/include -I/home/paldier/asuswrt/release/src-ra-4300/router/shared -DLINUX26 -DDEBUG_NOISY -DDEBUG_RCTEST -pipe -funit-at-a-time -Wno-pointer-sign -mtune=mips32 -mips32 -DLINUX30 -DLINUX_KERNEL_VERSION=132644   conftest.c >&5
configure:4547: $? = 0
configure:4547: result: yes
configure:4547: checking sys/time.h presence
configure:4547: mipsel-uclibc-gcc -E  conftest.c
configure:4547: $? = 0
configure:4547: result: yes
configure:4547: checking for sys/time.h
configure:4547: result: yes
configure:4547: checking sys/timeb.h usability
configure:4547: mipsel-uclibc-gcc -c -Os -I/home/paldier/asuswrt/release/src-ra-4300/include -I/home/paldier/asuswrt/release/src-ra-4300/router/shared -DLINUX26 -DDEBUG_NOISY -DDEBUG_RCTEST -pipe -funit-at-a-time -Wno-pointer-sign -mtune=mips32 -mips32 -DLINUX30 -DLINUX_KERNEL_VERSION=132644   conftest.c >&5
configure:4547: $? = 0
configure:4547: result: yes
configure:4547: checking sys/timeb.h presence
configure:4547: mipsel-uclibc-gcc -E  conftest.c
configure:4547: $? = 0
configure:4547: result: yes
configure:4547: checking for sys/timeb.h
configure:4547: result: yes
configure:4547: checking termios.h usability
configure:4547: mipsel-uclibc-gcc -c -Os -I/home/paldier/asuswrt/release/src-ra-4300/include -I/home/paldier/asuswrt/release/src-ra-4300/router/shared -DLINUX26 -DDEBUG_NOISY -DDEBUG_RCTEST -pipe -funit-at-a-time -Wno-pointer-sign -mtune=mips32 -mips32 -DLINUX30 -DLINUX_KERNEL_VERSION=132644   conftest.c >&5
configure:4547: $? = 0
configure:4547: result: yes
configure:4547: checking termios.h presence
configure:4547: mipsel-uclibc-gcc -E  conftest.c
configure:4547: $? = 0
configure:4547: result: yes
configure:4547: checking for termios.h
configure:4547: result: yes
configure:4547: checking for unistd.h
configure:4547: result: yes
configure:4559: checking for stdbool.h that conforms to C99
configure:4626: mipsel-uclibc-gcc -c -Os -I/home/paldier/asuswrt/release/src-ra-4300/include -I/home/paldier/asuswrt/release/src-ra-4300/router/shared -DLINUX26 -DDEBUG_NOISY -DDEBUG_RCTEST -pipe -funit-at-a-time -Wno-pointer-sign -mtune=mips32 -mips32 -DLINUX30 -DLINUX_KERNEL_VERSION=132644   conftest.c >&5
configure:4626: $? = 0
configure:4633: result: yes
configure:4635: checking for _Bool
configure:4635: mipsel-uclibc-gcc -c -Os -I/home/paldier/asuswrt/release/src-ra-4300/include -I/home/paldier/asuswrt/release/src-ra-4300/router/shared -DLINUX26 -DDEBUG_NOISY -DDEBUG_RCTEST -pipe -funit-at-a-time -Wno-pointer-sign -mtune=mips32 -mips32 -DLINUX30 -DLINUX_KERNEL_VERSION=132644   conftest.c >&5
configure:4635: $? = 0
configure:4635: mipsel-uclibc-gcc -c -Os -I/home/paldier/asuswrt/release/src-ra-4300/include -I/home/paldier/asuswrt/release/src-ra-4300/router/shared -DLINUX26 -DDEBUG_NOISY -DDEBUG_RCTEST -pipe -funit-at-a-time -Wno-pointer-sign -mtune=mips32 -mips32 -DLINUX30 -DLINUX_KERNEL_VERSION=132644   conftest.c >&5
conftest.c: In function 'main':
conftest.c:71: error: expected expression before ')' token
configure:4635: $? = 1
configure: failed program was:
| /* confdefs.h */
| #define PACKAGE_NAME "FULL-PACKAGE-NAME"
| #define PACKAGE_TARNAME "full-package-name"
| #define PACKAGE_VERSION "VERSION"
| #define PACKAGE_STRING "FULL-PACKAGE-NAME VERSION"
| #define PACKAGE_BUGREPORT "BUG-REPORT-ADDRESS"
| #define PACKAGE_URL ""
| #define PACKAGE "phddns"
| #define VERSION "2.0.6.32828"
| #define STDC_HEADERS 1
| #define HAVE_SYS_TYPES_H 1
| #define HAVE_SYS_STAT_H 1
| #define HAVE_STDLIB_H 1
| #define HAVE_STRING_H 1
| #define HAVE_MEMORY_H 1
| #define HAVE_STRINGS_H 1
| #define HAVE_INTTYPES_H 1
| #define HAVE_STDINT_H 1
| #define HAVE_UNISTD_H 1
| #define HAVE_ARPA_INET_H 1
| #define HAVE_FCNTL_H 1
| #define HAVE_MEMORY_H 1
| #define HAVE_NETDB_H 1
| #define HAVE_NETINET_IN_H 1
| #define HAVE_STDDEF_H 1
| #define HAVE_STDLIB_H 1
| #define HAVE_STRING_H 1
| #define HAVE_SYS_IOCTL_H 1
| #define HAVE_SYS_SOCKET_H 1
| #define HAVE_SYS_TIME_H 1
| #define HAVE_SYS_TIMEB_H 1
| #define HAVE_TERMIOS_H 1
| #define HAVE_UNISTD_H 1
| /* end confdefs.h.  */
| #include <stdio.h>
| #ifdef HAVE_SYS_TYPES_H
| # include <sys/types.h>
| #endif
| #ifdef HAVE_SYS_STAT_H
| # include <sys/stat.h>
| #endif
| #ifdef STDC_HEADERS
| # include <stdlib.h>
| # include <stddef.h>
| #else
| # ifdef HAVE_STDLIB_H
| #  include <stdlib.h>
| # endif
| #endif
| #ifdef HAVE_STRING_H
| # if !defined STDC_HEADERS && defined HAVE_MEMORY_H
| #  include <memory.h>
| # endif
| # include <string.h>
| #endif
| #ifdef HAVE_STRINGS_H
| # include <strings.h>
| #endif
| #ifdef HAVE_INTTYPES_H
| # include <inttypes.h>
| #endif
| #ifdef HAVE_STDINT_H
| # include <stdint.h>
| #endif
| #ifdef HAVE_UNISTD_H
| # include <unistd.h>
| #endif
| int
| main ()
| {
| if (sizeof ((_Bool)))
| 	    return 0;
|   ;
|   return 0;
| }
configure:4635: result: yes
configure:4652: checking for an ANSI C-conforming const
configure:4718: mipsel-uclibc-gcc -c -Os -I/home/paldier/asuswrt/release/src-ra-4300/include -I/home/paldier/asuswrt/release/src-ra-4300/router/shared -DLINUX26 -DDEBUG_NOISY -DDEBUG_RCTEST -pipe -funit-at-a-time -Wno-pointer-sign -mtune=mips32 -mips32 -DLINUX30 -DLINUX_KERNEL_VERSION=132644   conftest.c >&5
configure:4718: $? = 0
configure:4725: result: yes
configure:4733: checking for inline
configure:4749: mipsel-uclibc-gcc -c -Os -I/home/paldier/asuswrt/release/src-ra-4300/include -I/home/paldier/asuswrt/release/src-ra-4300/router/shared -DLINUX26 -DDEBUG_NOISY -DDEBUG_RCTEST -pipe -funit-at-a-time -Wno-pointer-sign -mtune=mips32 -mips32 -DLINUX30 -DLINUX_KERNEL_VERSION=132644   conftest.c >&5
configure:4749: $? = 0
configure:4757: result: inline
configure:4775: checking for size_t
configure:4775: mipsel-uclibc-gcc -c -Os -I/home/paldier/asuswrt/release/src-ra-4300/include -I/home/paldier/asuswrt/release/src-ra-4300/router/shared -DLINUX26 -DDEBUG_NOISY -DDEBUG_RCTEST -pipe -funit-at-a-time -Wno-pointer-sign -mtune=mips32 -mips32 -DLINUX30 -DLINUX_KERNEL_VERSION=132644   conftest.c >&5
configure:4775: $? = 0
configure:4775: mipsel-uclibc-gcc -c -Os -I/home/paldier/asuswrt/release/src-ra-4300/include -I/home/paldier/asuswrt/release/src-ra-4300/router/shared -DLINUX26 -DDEBUG_NOISY -DDEBUG_RCTEST -pipe -funit-at-a-time -Wno-pointer-sign -mtune=mips32 -mips32 -DLINUX30 -DLINUX_KERNEL_VERSION=132644   conftest.c >&5
conftest.c: In function 'main':
conftest.c:73: error: expected expression before ')' token
configure:4775: $? = 1
configure: failed program was:
| /* confdefs.h */
| #define PACKAGE_NAME "FULL-PACKAGE-NAME"
| #define PACKAGE_TARNAME "full-package-name"
| #define PACKAGE_VERSION "VERSION"
| #define PACKAGE_STRING "FULL-PACKAGE-NAME VERSION"
| #define PACKAGE_BUGREPORT "BUG-REPORT-ADDRESS"
| #define PACKAGE_URL ""
| #define PACKAGE "phddns"
| #define VERSION "2.0.6.32828"
| #define STDC_HEADERS 1
| #define HAVE_SYS_TYPES_H 1
| #define HAVE_SYS_STAT_H 1
| #define HAVE_STDLIB_H 1
| #define HAVE_STRING_H 1
| #define HAVE_MEMORY_H 1
| #define HAVE_STRINGS_H 1
| #define HAVE_INTTYPES_H 1
| #define HAVE_STDINT_H 1
| #define HAVE_UNISTD_H 1
| #define HAVE_ARPA_INET_H 1
| #define HAVE_FCNTL_H 1
| #define HAVE_MEMORY_H 1
| #define HAVE_NETDB_H 1
| #define HAVE_NETINET_IN_H 1
| #define HAVE_STDDEF_H 1
| #define HAVE_STDLIB_H 1
| #define HAVE_STRING_H 1
| #define HAVE_SYS_IOCTL_H 1
| #define HAVE_SYS_SOCKET_H 1
| #define HAVE_SYS_TIME_H 1
| #define HAVE_SYS_TIMEB_H 1
| #define HAVE_TERMIOS_H 1
| #define HAVE_UNISTD_H 1
| #define HAVE__BOOL 1
| #define HAVE_STDBOOL_H 1
| /* end confdefs.h.  */
| #include <stdio.h>
| #ifdef HAVE_SYS_TYPES_H
| # include <sys/types.h>
| #endif
| #ifdef HAVE_SYS_STAT_H
| # include <sys/stat.h>
| #endif
| #ifdef STDC_HEADERS
| # include <stdlib.h>
| # include <stddef.h>
| #else
| # ifdef HAVE_STDLIB_H
| #  include <stdlib.h>
| # endif
| #endif
| #ifdef HAVE_STRING_H
| # if !defined STDC_HEADERS && defined HAVE_MEMORY_H
| #  include <memory.h>
| # endif
| # include <string.h>
| #endif
| #ifdef HAVE_STRINGS_H
| # include <strings.h>
| #endif
| #ifdef HAVE_INTTYPES_H
| # include <inttypes.h>
| #endif
| #ifdef HAVE_STDINT_H
| # include <stdint.h>
| #endif
| #ifdef HAVE_UNISTD_H
| # include <unistd.h>
| #endif
| int
| main ()
| {
| if (sizeof ((size_t)))
| 	    return 0;
|   ;
|   return 0;
| }
configure:4775: result: yes
configure:4786: checking whether time.h and sys/time.h may both be included
configure:4806: mipsel-uclibc-gcc -c -Os -I/home/paldier/asuswrt/release/src-ra-4300/include -I/home/paldier/asuswrt/release/src-ra-4300/router/shared -DLINUX26 -DDEBUG_NOISY -DDEBUG_RCTEST -pipe -funit-at-a-time -Wno-pointer-sign -mtune=mips32 -mips32 -DLINUX30 -DLINUX_KERNEL_VERSION=132644   conftest.c >&5
configure:4806: $? = 0
configure:4813: result: yes
configure:4821: checking whether struct tm is in sys/time.h or time.h
configure:4841: mipsel-uclibc-gcc -c -Os -I/home/paldier/asuswrt/release/src-ra-4300/include -I/home/paldier/asuswrt/release/src-ra-4300/router/shared -DLINUX26 -DDEBUG_NOISY -DDEBUG_RCTEST -pipe -funit-at-a-time -Wno-pointer-sign -mtune=mips32 -mips32 -DLINUX30 -DLINUX_KERNEL_VERSION=132644   conftest.c >&5
configure:4841: $? = 0
configure:4848: result: time.h
configure:4861: checking sys/select.h usability
configure:4861: mipsel-uclibc-gcc -c -Os -I/home/paldier/asuswrt/release/src-ra-4300/include -I/home/paldier/asuswrt/release/src-ra-4300/router/shared -DLINUX26 -DDEBUG_NOISY -DDEBUG_RCTEST -pipe -funit-at-a-time -Wno-pointer-sign -mtune=mips32 -mips32 -DLINUX30 -DLINUX_KERNEL_VERSION=132644   conftest.c >&5
configure:4861: $? = 0
configure:4861: result: yes
configure:4861: checking sys/select.h presence
configure:4861: mipsel-uclibc-gcc -E  conftest.c
configure:4861: $? = 0
configure:4861: result: yes
configure:4861: checking for sys/select.h
configure:4861: result: yes
configure:4861: checking for sys/socket.h
configure:4861: result: yes
configure:4871: checking types of arguments for select
configure:4899: mipsel-uclibc-gcc -c -Os -I/home/paldier/asuswrt/release/src-ra-4300/include -I/home/paldier/asuswrt/release/src-ra-4300/router/shared -DLINUX26 -DDEBUG_NOISY -DDEBUG_RCTEST -pipe -funit-at-a-time -Wno-pointer-sign -mtune=mips32 -mips32 -DLINUX30 -DLINUX_KERNEL_VERSION=132644   conftest.c >&5
configure:4899: $? = 0
configure:4910: result: int,fd_set *,struct timeval *
configure:4933: checking return type of signal handlers
configure:4951: mipsel-uclibc-gcc -c -Os -I/home/paldier/asuswrt/release/src-ra-4300/include -I/home/paldier/asuswrt/release/src-ra-4300/router/shared -DLINUX26 -DDEBUG_NOISY -DDEBUG_RCTEST -pipe -funit-at-a-time -Wno-pointer-sign -mtune=mips32 -mips32 -DLINUX30 -DLINUX_KERNEL_VERSION=132644   conftest.c >&5
conftest.c: In function 'main':
conftest.c:49: error: void value not ignored as it ought to be
configure:4951: $? = 1
configure: failed program was:
| /* confdefs.h */
| #define PACKAGE_NAME "FULL-PACKAGE-NAME"
| #define PACKAGE_TARNAME "full-package-name"
| #define PACKAGE_VERSION "VERSION"
| #define PACKAGE_STRING "FULL-PACKAGE-NAME VERSION"
| #define PACKAGE_BUGREPORT "BUG-REPORT-ADDRESS"
| #define PACKAGE_URL ""
| #define PACKAGE "phddns"
| #define VERSION "2.0.6.32828"
| #define STDC_HEADERS 1
| #define HAVE_SYS_TYPES_H 1
| #define HAVE_SYS_STAT_H 1
| #define HAVE_STDLIB_H 1
| #define HAVE_STRING_H 1
| #define HAVE_MEMORY_H 1
| #define HAVE_STRINGS_H 1
| #define HAVE_INTTYPES_H 1
| #define HAVE_STDINT_H 1
| #define HAVE_UNISTD_H 1
| #define HAVE_ARPA_INET_H 1
| #define HAVE_FCNTL_H 1
| #define HAVE_MEMORY_H 1
| #define HAVE_NETDB_H 1
| #define HAVE_NETINET_IN_H 1
| #define HAVE_STDDEF_H 1
| #define HAVE_STDLIB_H 1
| #define HAVE_STRING_H 1
| #define HAVE_SYS_IOCTL_H 1
| #define HAVE_SYS_SOCKET_H 1
| #define HAVE_SYS_TIME_H 1
| #define HAVE_SYS_TIMEB_H 1
| #define HAVE_TERMIOS_H 1
| #define HAVE_UNISTD_H 1
| #define HAVE__BOOL 1
| #define HAVE_STDBOOL_H 1
| #define TIME_WITH_SYS_TIME 1
| #define HAVE_SYS_SELECT_H 1
| #define HAVE_SYS_SOCKET_H 1
| #define SELECT_TYPE_ARG1 int
| #define SELECT_TYPE_ARG234 (fd_set *)
| #define SELECT_TYPE_ARG5 (struct timeval *)
| /* end confdefs.h.  */
| #include <sys/types.h>
| #include <signal.h>
| 
| int
| main ()
| {
| return *(signal (0, 0)) (0) == 1;
|   ;
|   return 0;
| }
configure:4958: result: void
configure:4968: checking for strftime
configure:4968: mipsel-uclibc-gcc -o conftest -Os -I/home/paldier/asuswrt/release/src-ra-4300/include -I/home/paldier/asuswrt/release/src-ra-4300/router/shared -DLINUX26 -DDEBUG_NOISY -DDEBUG_RCTEST -pipe -funit-at-a-time -Wno-pointer-sign -mtune=mips32 -mips32 -DLINUX30 -DLINUX_KERNEL_VERSION=132644   -L/home/paldier/asuswrt/release/src-ra-4300/router/nvram -L/home/paldier/asuswrt/release/src-ra-4300/router/shared   conftest.c -lnvram -lshared  >&5
conftest.c:67: warning: conflicting types for built-in function 'strftime'
configure:4968: $? = 0
configure:4968: result: yes
configure:5023: checking for vprintf
configure:5023: mipsel-uclibc-gcc -o conftest -Os -I/home/paldier/asuswrt/release/src-ra-4300/include -I/home/paldier/asuswrt/release/src-ra-4300/router/shared -DLINUX26 -DDEBUG_NOISY -DDEBUG_RCTEST -pipe -funit-at-a-time -Wno-pointer-sign -mtune=mips32 -mips32 -DLINUX30 -DLINUX_KERNEL_VERSION=132644   -L/home/paldier/asuswrt/release/src-ra-4300/router/nvram -L/home/paldier/asuswrt/release/src-ra-4300/router/shared   conftest.c -lnvram -lshared  >&5
conftest.c:68: warning: conflicting types for built-in function 'vprintf'
configure:5023: $? = 0
configure:5023: result: yes
configure:5029: checking for _doprnt
configure:5029: mipsel-uclibc-gcc -o conftest -Os -I/home/paldier/asuswrt/release/src-ra-4300/include -I/home/paldier/asuswrt/release/src-ra-4300/router/shared -DLINUX26 -DDEBUG_NOISY -DDEBUG_RCTEST -pipe -funit-at-a-time -Wno-pointer-sign -mtune=mips32 -mips32 -DLINUX30 -DLINUX_KERNEL_VERSION=132644   -L/home/paldier/asuswrt/release/src-ra-4300/router/nvram -L/home/paldier/asuswrt/release/src-ra-4300/router/shared   conftest.c -lnvram -lshared  >&5
/tmp/ccXMzq2i.o: In function `main':
conftest.c:(.text+0x18): undefined reference to `_doprnt'
collect2: ld returned 1 exit status
configure:5029: $? = 1
configure: failed program was:
| /* confdefs.h */
| #define PACKAGE_NAME "FULL-PACKAGE-NAME"
| #define PACKAGE_TARNAME "full-package-name"
| #define PACKAGE_VERSION "VERSION"
| #define PACKAGE_STRING "FULL-PACKAGE-NAME VERSION"
| #define PACKAGE_BUGREPORT "BUG-REPORT-ADDRESS"
| #define PACKAGE_URL ""
| #define PACKAGE "phddns"
| #define VERSION "2.0.6.32828"
| #define STDC_HEADERS 1
| #define HAVE_SYS_TYPES_H 1
| #define HAVE_SYS_STAT_H 1
| #define HAVE_STDLIB_H 1
| #define HAVE_STRING_H 1
| #define HAVE_MEMORY_H 1
| #define HAVE_STRINGS_H 1
| #define HAVE_INTTYPES_H 1
| #define HAVE_STDINT_H 1
| #define HAVE_UNISTD_H 1
| #define HAVE_ARPA_INET_H 1
| #define HAVE_FCNTL_H 1
| #define HAVE_MEMORY_H 1
| #define HAVE_NETDB_H 1
| #define HAVE_NETINET_IN_H 1
| #define HAVE_STDDEF_H 1
| #define HAVE_STDLIB_H 1
| #define HAVE_STRING_H 1
| #define HAVE_SYS_IOCTL_H 1
| #define HAVE_SYS_SOCKET_H 1
| #define HAVE_SYS_TIME_H 1
| #define HAVE_SYS_TIMEB_H 1
| #define HAVE_TERMIOS_H 1
| #define HAVE_UNISTD_H 1
| #define HAVE__BOOL 1
| #define HAVE_STDBOOL_H 1
| #define TIME_WITH_SYS_TIME 1
| #define HAVE_SYS_SELECT_H 1
| #define HAVE_SYS_SOCKET_H 1
| #define SELECT_TYPE_ARG1 int
| #define SELECT_TYPE_ARG234 (fd_set *)
| #define SELECT_TYPE_ARG5 (struct timeval *)
| #define RETSIGTYPE void
| #define HAVE_STRFTIME 1
| #define HAVE_VPRINTF 1
| /* end confdefs.h.  */
| /* Define _doprnt to an innocuous variant, in case <limits.h> declares _doprnt.
|    For example, HP-UX 11i <limits.h> declares gettimeofday.  */
| #define _doprnt innocuous__doprnt
| 
| /* System header to define __stub macros and hopefully few prototypes,
|     which can conflict with char _doprnt (); below.
|     Prefer <limits.h> to <assert.h> if __STDC__ is defined, since
|     <limits.h> exists even on freestanding compilers.  */
| 
| #ifdef __STDC__
| # include <limits.h>
| #else
| # include <assert.h>
| #endif
| 
| #undef _doprnt
| 
| /* Override any GCC internal prototype to avoid an error.
|    Use char because int might match the return type of a GCC
|    builtin and then its argument prototype would still apply.  */
| #ifdef __cplusplus
| extern "C"
| #endif
| char _doprnt ();
| /* The GNU C library defines this for functions which it implements
|     to always fail with ENOSYS.  Some functions are actually named
|     something starting with __ and the normal name is an alias.  */
| #if defined __stub__doprnt || defined __stub____doprnt
| choke me
| #endif
| 
| int
| main ()
| {
| return _doprnt ();
|   ;
|   return 0;
| }
configure:5029: result: no
configure:5043: checking for gethostbyname
configure:5043: mipsel-uclibc-gcc -o conftest -Os -I/home/paldier/asuswrt/release/src-ra-4300/include -I/home/paldier/asuswrt/release/src-ra-4300/router/shared -DLINUX26 -DDEBUG_NOISY -DDEBUG_RCTEST -pipe -funit-at-a-time -Wno-pointer-sign -mtune=mips32 -mips32 -DLINUX30 -DLINUX_KERNEL_VERSION=132644   -L/home/paldier/asuswrt/release/src-ra-4300/router/nvram -L/home/paldier/asuswrt/release/src-ra-4300/router/shared   conftest.c -lnvram -lshared  >&5
configure:5043: $? = 0
configure:5043: result: yes
configure:5043: checking for inet_ntoa
configure:5043: mipsel-uclibc-gcc -o conftest -Os -I/home/paldier/asuswrt/release/src-ra-4300/include -I/home/paldier/asuswrt/release/src-ra-4300/router/shared -DLINUX26 -DDEBUG_NOISY -DDEBUG_RCTEST -pipe -funit-at-a-time -Wno-pointer-sign -mtune=mips32 -mips32 -DLINUX30 -DLINUX_KERNEL_VERSION=132644   -L/home/paldier/asuswrt/release/src-ra-4300/router/nvram -L/home/paldier/asuswrt/release/src-ra-4300/router/shared   conftest.c -lnvram -lshared  >&5
configure:5043: $? = 0
configure:5043: result: yes
configure:5043: checking for isascii
configure:5043: mipsel-uclibc-gcc -o conftest -Os -I/home/paldier/asuswrt/release/src-ra-4300/include -I/home/paldier/asuswrt/release/src-ra-4300/router/shared -DLINUX26 -DDEBUG_NOISY -DDEBUG_RCTEST -pipe -funit-at-a-time -Wno-pointer-sign -mtune=mips32 -mips32 -DLINUX30 -DLINUX_KERNEL_VERSION=132644   -L/home/paldier/asuswrt/release/src-ra-4300/router/nvram -L/home/paldier/asuswrt/release/src-ra-4300/router/shared   conftest.c -lnvram -lshared  >&5
conftest.c:71: warning: conflicting types for built-in function 'isascii'
configure:5043: $? = 0
configure:5043: result: yes
configure:5043: checking for memset
configure:5043: mipsel-uclibc-gcc -o conftest -Os -I/home/paldier/asuswrt/release/src-ra-4300/include -I/home/paldier/asuswrt/release/src-ra-4300/router/shared -DLINUX26 -DDEBUG_NOISY -DDEBUG_RCTEST -pipe -funit-at-a-time -Wno-pointer-sign -mtune=mips32 -mips32 -DLINUX30 -DLINUX_KERNEL_VERSION=132644   -L/home/paldier/asuswrt/release/src-ra-4300/router/nvram -L/home/paldier/asuswrt/release/src-ra-4300/router/shared   conftest.c -lnvram -lshared  >&5
conftest.c:72: warning: conflicting types for built-in function 'memset'
configure:5043: $? = 0
configure:5043: result: yes
configure:5043: checking for select
configure:5043: mipsel-uclibc-gcc -o conftest -Os -I/home/paldier/asuswrt/release/src-ra-4300/include -I/home/paldier/asuswrt/release/src-ra-4300/router/shared -DLINUX26 -DDEBUG_NOISY -DDEBUG_RCTEST -pipe -funit-at-a-time -Wno-pointer-sign -mtune=mips32 -mips32 -DLINUX30 -DLINUX_KERNEL_VERSION=132644   -L/home/paldier/asuswrt/release/src-ra-4300/router/nvram -L/home/paldier/asuswrt/release/src-ra-4300/router/shared   conftest.c -lnvram -lshared  >&5
configure:5043: $? = 0
configure:5043: result: yes
configure:5043: checking for socket
configure:5043: mipsel-uclibc-gcc -o conftest -Os -I/home/paldier/asuswrt/release/src-ra-4300/include -I/home/paldier/asuswrt/release/src-ra-4300/router/shared -DLINUX26 -DDEBUG_NOISY -DDEBUG_RCTEST -pipe -funit-at-a-time -Wno-pointer-sign -mtune=mips32 -mips32 -DLINUX30 -DLINUX_KERNEL_VERSION=132644   -L/home/paldier/asuswrt/release/src-ra-4300/router/nvram -L/home/paldier/asuswrt/release/src-ra-4300/router/shared   conftest.c -lnvram -lshared  >&5
configure:5043: $? = 0
configure:5043: result: yes
configure:5043: checking for strchr
configure:5043: mipsel-uclibc-gcc -o conftest -Os -I/home/paldier/asuswrt/release/src-ra-4300/include -I/home/paldier/asuswrt/release/src-ra-4300/router/shared -DLINUX26 -DDEBUG_NOISY -DDEBUG_RCTEST -pipe -funit-at-a-time -Wno-pointer-sign -mtune=mips32 -mips32 -DLINUX30 -DLINUX_KERNEL_VERSION=132644   -L/home/paldier/asuswrt/release/src-ra-4300/router/nvram -L/home/paldier/asuswrt/release/src-ra-4300/router/shared   conftest.c -lnvram -lshared  >&5
conftest.c:75: warning: conflicting types for built-in function 'strchr'
configure:5043: $? = 0
configure:5043: result: yes
configure:5043: checking for strstr
configure:5043: mipsel-uclibc-gcc -o conftest -Os -I/home/paldier/asuswrt/release/src-ra-4300/include -I/home/paldier/asuswrt/release/src-ra-4300/router/shared -DLINUX26 -DDEBUG_NOISY -DDEBUG_RCTEST -pipe -funit-at-a-time -Wno-pointer-sign -mtune=mips32 -mips32 -DLINUX30 -DLINUX_KERNEL_VERSION=132644   -L/home/paldier/asuswrt/release/src-ra-4300/router/nvram -L/home/paldier/asuswrt/release/src-ra-4300/router/shared   conftest.c -lnvram -lshared  >&5
conftest.c:76: warning: conflicting types for built-in function 'strstr'
configure:5043: $? = 0
configure:5043: result: yes
configure:5228: creating ./config.status

## ---------------------- ##
## Running config.status. ##
## ---------------------- ##

This file was extended by FULL-PACKAGE-NAME config.status VERSION, which was
generated by GNU Autoconf 2.69.  Invocation command line was

  CONFIG_FILES    = 
  CONFIG_HEADERS  = 
  CONFIG_LINKS    = 
  CONFIG_COMMANDS = 
  $ ./config.status 

on paldier-lantiq

config.status:788: creating Makefile
config.status:788: creating src/Makefile
config.status:960: executing depfiles commands

## ---------------- ##
## Cache variables. ##
## ---------------- ##

ac_cv_c_compiler_gnu=yes
ac_cv_c_const=yes
ac_cv_c_inline=inline
ac_cv_cxx_compiler_gnu=yes
ac_cv_env_CCC_set=
ac_cv_env_CCC_value=
ac_cv_env_CC_set=set
ac_cv_env_CC_value=mipsel-uclibc-gcc
ac_cv_env_CFLAGS_set=set
ac_cv_env_CFLAGS_value='-Os -I/home/paldier/asuswrt/release/src-ra-4300/include -I/home/paldier/asuswrt/release/src-ra-4300/router/shared -DLINUX26 -DDEBUG_NOISY -DDEBUG_RCTEST -pipe -funit-at-a-time -Wno-pointer-sign -mtune=mips32 -mips32 -DLINUX30 -DLINUX_KERNEL_VERSION=132644 '
ac_cv_env_CPPFLAGS_set=
ac_cv_env_CPPFLAGS_value=
ac_cv_env_CPP_set=
ac_cv_env_CPP_value=
ac_cv_env_CXXFLAGS_set=
ac_cv_env_CXXFLAGS_value=
ac_cv_env_CXX_set=set
ac_cv_env_CXX_value=mipsel-uclibc-g++
ac_cv_env_LDFLAGS_set=set
ac_cv_env_LDFLAGS_value='-L/home/paldier/asuswrt/release/src-ra-4300/router/nvram -L/home/paldier/asuswrt/release/src-ra-4300/router/shared  '
ac_cv_env_LIBS_set=set
ac_cv_env_LIBS_value='-lnvram -lshared '
ac_cv_env_build_alias_set=set
ac_cv_env_build_alias_value=
ac_cv_env_host_alias_set=set
ac_cv_env_host_alias_value=mipsel-linux
ac_cv_env_target_alias_set=
ac_cv_env_target_alias_value=
ac_cv_func__doprnt=no
ac_cv_func_gethostbyname=yes
ac_cv_func_inet_ntoa=yes
ac_cv_func_isascii=yes
ac_cv_func_memset=yes
ac_cv_func_select=yes
ac_cv_func_select_args='int,fd_set *,struct timeval *'
ac_cv_func_socket=yes
ac_cv_func_strchr=yes
ac_cv_func_strftime=yes
ac_cv_func_strstr=yes
ac_cv_func_vprintf=yes
ac_cv_header_arpa_inet_h=yes
ac_cv_header_fcntl_h=yes
ac_cv_header_inttypes_h=yes
ac_cv_header_memory_h=yes
ac_cv_header_netdb_h=yes
ac_cv_header_netinet_in_h=yes
ac_cv_header_stdbool_h=yes
ac_cv_header_stdc=yes
ac_cv_header_stddef_h=yes
ac_cv_header_stdint_h=yes
ac_cv_header_stdlib_h=yes
ac_cv_header_string_h=yes
ac_cv_header_strings_h=yes
ac_cv_header_sys_ioctl_h=yes
ac_cv_header_sys_select_h=yes
ac_cv_header_sys_socket_h=yes
ac_cv_header_sys_stat_h=yes
ac_cv_header_sys_time_h=yes
ac_cv_header_sys_timeb_h=yes
ac_cv_header_sys_types_h=yes
ac_cv_header_termios_h=yes
ac_cv_header_time=yes
ac_cv_header_unistd_h=yes
ac_cv_objext=o
ac_cv_path_EGREP='/bin/grep -E'
ac_cv_path_GREP=/bin/grep
ac_cv_path_install='/usr/bin/install -c'
ac_cv_path_mkdir=/bin/mkdir
ac_cv_prog_AWK=gawk
ac_cv_prog_CC=mipsel-uclibc-gcc
ac_cv_prog_CPP='mipsel-uclibc-gcc -E'
ac_cv_prog_STRIP='mipsel-uclibc-strip -R .note -R .comment'
ac_cv_prog_cc_c89=
ac_cv_prog_cc_g=yes
ac_cv_prog_cxx_g=yes
ac_cv_prog_make_make_set=yes
ac_cv_struct_tm=time.h
ac_cv_type__Bool=yes
ac_cv_type_signal=void
ac_cv_type_size_t=yes
am_cv_CC_dependencies_compiler_type=gcc3
am_cv_CXX_dependencies_compiler_type=gcc3

## ----------------- ##
## Output variables. ##
## ----------------- ##

ACLOCAL='aclocal-1.11'
AMDEPBACKSLASH='\'
AMDEP_FALSE='#'
AMDEP_TRUE=''
AMTAR='$${TAR-tar}'
AUTOCONF='autoconf'
AUTOHEADER='autoheader'
AUTOMAKE='automake-1.11'
AWK='gawk'
CC='mipsel-uclibc-gcc'
CCDEPMODE='depmode=gcc3'
CFLAGS='-Os -I/home/paldier/asuswrt/release/src-ra-4300/include -I/home/paldier/asuswrt/release/src-ra-4300/router/shared -DLINUX26 -DDEBUG_NOISY -DDEBUG_RCTEST -pipe -funit-at-a-time -Wno-pointer-sign -mtune=mips32 -mips32 -DLINUX30 -DLINUX_KERNEL_VERSION=132644 '
CPP='mipsel-uclibc-gcc -E'
CPPFLAGS=''
CXX='mipsel-uclibc-g++'
CXXDEPMODE='depmode=gcc3'
CXXFLAGS='-g -O2'
CYGPATH_W='echo'
DEFS='-DPACKAGE_NAME=\"FULL-PACKAGE-NAME\" -DPACKAGE_TARNAME=\"full-package-name\" -DPACKAGE_VERSION=\"VERSION\" -DPACKAGE_STRING=\"FULL-PACKAGE-NAME\ VERSION\" -DPACKAGE_BUGREPORT=\"BUG-REPORT-ADDRESS\" -DPACKAGE_URL=\"\" -DPACKAGE=\"phddns\" -DVERSION=\"2.0.6.32828\" -DSTDC_HEADERS=1 -DHAVE_SYS_TYPES_H=1 -DHAVE_SYS_STAT_H=1 -DHAVE_STDLIB_H=1 -DHAVE_STRING_H=1 -DHAVE_MEMORY_H=1 -DHAVE_STRINGS_H=1 -DHAVE_INTTYPES_H=1 -DHAVE_STDINT_H=1 -DHAVE_UNISTD_H=1 -DHAVE_ARPA_INET_H=1 -DHAVE_FCNTL_H=1 -DHAVE_MEMORY_H=1 -DHAVE_NETDB_H=1 -DHAVE_NETINET_IN_H=1 -DHAVE_STDDEF_H=1 -DHAVE_STDLIB_H=1 -DHAVE_STRING_H=1 -DHAVE_SYS_IOCTL_H=1 -DHAVE_SYS_SOCKET_H=1 -DHAVE_SYS_TIME_H=1 -DHAVE_SYS_TIMEB_H=1 -DHAVE_TERMIOS_H=1 -DHAVE_UNISTD_H=1 -DHAVE__BOOL=1 -DHAVE_STDBOOL_H=1 -DTIME_WITH_SYS_TIME=1 -DHAVE_SYS_SELECT_H=1 -DHAVE_SYS_SOCKET_H=1 -DSELECT_TYPE_ARG1=int -DSELECT_TYPE_ARG234=\(fd_set\ \*\) -DSELECT_TYPE_ARG5=\(struct\ timeval\ \*\) -DRETSIGTYPE=void -DHAVE_STRFTIME=1 -DHAVE_VPRINTF=1 -DHAVE_GETHOSTBYNAME=1 -DHAVE_INET_NTOA=1 -DHAVE_ISASCII=1 -DHAVE_MEMSET=1 -DHAVE_SELECT=1 -DHAVE_SOCKET=1 -DHAVE_STRCHR=1 -DHAVE_STRSTR=1'
DEPDIR='.deps'
ECHO_C=''
ECHO_N='-n'
ECHO_T=''
EGREP='/bin/grep -E'
EXEEXT=''
GREP='/bin/grep'
INSTALL_DATA='${INSTALL} -m 644'
INSTALL_PROGRAM='${INSTALL}'
INSTALL_SCRIPT='${INSTALL}'
INSTALL_STRIP_PROGRAM='$(install_sh) -c -s'
LDFLAGS='-L/home/paldier/asuswrt/release/src-ra-4300/router/nvram -L/home/paldier/asuswrt/release/src-ra-4300/router/shared  '
LIBOBJS=''
LIBS='-lnvram -lshared '
LTLIBOBJS=''
MAINT='#'
MAINTAINER_MODE_FALSE=''
MAINTAINER_MODE_TRUE='#'
MAKEINFO='makeinfo'
MKDIR_P='/bin/mkdir -p'
OBJEXT='o'
PACKAGE='phddns'
PACKAGE_BUGREPORT='BUG-REPORT-ADDRESS'
PACKAGE_NAME='FULL-PACKAGE-NAME'
PACKAGE_STRING='FULL-PACKAGE-NAME VERSION'
PACKAGE_TARNAME='full-package-name'
PACKAGE_URL=''
PACKAGE_VERSION='VERSION'
PATH_SEPARATOR=':'
SET_MAKE=''
SHELL='/bin/bash'
STRIP='mipsel-uclibc-strip -R .note -R .comment'
VERSION='2.0.6.32828'
ac_ct_CC=''
ac_ct_CXX=''
am__EXEEXT_FALSE=''
am__EXEEXT_TRUE='#'
am__fastdepCC_FALSE='#'
am__fastdepCC_TRUE=''
am__fastdepCXX_FALSE='#'
am__fastdepCXX_TRUE=''
am__include='include'
am__isrc=''
am__leading_dot='.'
am__nodep='_no'
am__quote=''
am__tar='$${TAR-tar} chof - "$$tardir"'
am__untar='$${TAR-tar} xf -'
bindir='${exec_prefix}/bin'
build_alias=''
datadir='${datarootdir}'
datarootdir='${prefix}/share'
docdir='${datarootdir}/doc/${PACKAGE_TARNAME}'
dvidir='${docdir}'
exec_prefix='${prefix}'
host_alias='mipsel-linux'
htmldir='${docdir}'
includedir='${prefix}/include'
infodir='${datarootdir}/info'
install_sh='${SHELL} /home/paldier/asuswrt/release/src/router/phddns/install-sh'
libdir='${exec_prefix}/lib'
libexecdir='${exec_prefix}/libexec'
localedir='${datarootdir}/locale'
localstatedir='${prefix}/var'
mandir='${datarootdir}/man'
mkdir_p='/bin/mkdir -p'
oldincludedir='/usr/include'
pdfdir='${docdir}'
prefix=''
program_transform_name='s,x,x,'
psdir='${docdir}'
sbindir='${exec_prefix}/sbin'
sharedstatedir='${prefix}/com'
sysconfdir='${prefix}/etc'
target_alias=''

## ----------- ##
## confdefs.h. ##
## ----------- ##

/* confdefs.h */
#define PACKAGE_NAME "FULL-PACKAGE-NAME"
#define PACKAGE_TARNAME "full-package-name"
#define PACKAGE_VERSION "VERSION"
#define PACKAGE_STRING "FULL-PACKAGE-NAME VERSION"
#define PACKAGE_BUGREPORT "BUG-REPORT-ADDRESS"
#define PACKAGE_URL ""
#define PACKAGE "phddns"
#define VERSION "2.0.6.32828"
#define STDC_HEADERS 1
#define HAVE_SYS_TYPES_H 1
#define HAVE_SYS_STAT_H 1
#define HAVE_STDLIB_H 1
#define HAVE_STRING_H 1
#define HAVE_MEMORY_H 1
#define HAVE_STRINGS_H 1
#define HAVE_INTTYPES_H 1
#define HAVE_STDINT_H 1
#define HAVE_UNISTD_H 1
#define HAVE_ARPA_INET_H 1
#define HAVE_FCNTL_H 1
#define HAVE_MEMORY_H 1
#define HAVE_NETDB_H 1
#define HAVE_NETINET_IN_H 1
#define HAVE_STDDEF_H 1
#define HAVE_STDLIB_H 1
#define HAVE_STRING_H 1
#define HAVE_SYS_IOCTL_H 1
#define HAVE_SYS_SOCKET_H 1
#define HAVE_SYS_TIME_H 1
#define HAVE_SYS_TIMEB_H 1
#define HAVE_TERMIOS_H 1
#define HAVE_UNISTD_H 1
#define HAVE__BOOL 1
#define HAVE_STDBOOL_H 1
#define TIME_WITH_SYS_TIME 1
#define HAVE_SYS_SELECT_H 1
#define HAVE_SYS_SOCKET_H 1
#define SELECT_TYPE_ARG1 int
#define SELECT_TYPE_ARG234 (fd_set *)
#define SELECT_TYPE_ARG5 (struct timeval *)
#define RETSIGTYPE void
#define HAVE_STRFTIME 1
#define HAVE_VPRINTF 1
#define HAVE_GETHOSTBYNAME 1
#define HAVE_INET_NTOA 1
#define HAVE_ISASCII 1
#define HAVE_MEMSET 1
#define HAVE_SELECT 1
#define HAVE_SOCKET 1
#define HAVE_STRCHR 1
#define HAVE_STRSTR 1

configure: exit 0
